This file contains any messages produced by compilers while
running configure, to aid debugging if configure makes a mistake.

It was created by pjproject aconfigure 1.x, which was
generated by GNU Autoconf 2.61.  Invocation command line was

  $ ./aconfigure 

## --------- ##
## Platform. ##
## --------- ##

hostname = fesens-ubuntu
uname -m = i686
uname -r = 3.2.0-29-generic-pae
uname -s = Linux
uname -v = #46-Ubuntu SMP Fri Jul 27 17:25:43 UTC 2012

/usr/bin/uname -p = unknown
/bin/uname -X     = unknown

/bin/arch              = unknown
/usr/bin/arch -k       = unknown
/usr/convex/getsysinfo = unknown
/usr/bin/hostinfo      = unknown
/bin/machine           = unknown
/usr/bin/oslevel       = unknown
/bin/universe          = unknown

PATH: /usr/local/sbin
PATH: /usr/local/bin
PATH: /usr/sbin
PATH: /usr/bin
PATH: /sbin
PATH: /bin


## ----------- ##
## Core tests. ##
## ----------- ##

aconfigure:1844: checking build system type
aconfigure:1862: result: i686-pc-linux-gnu
aconfigure:1884: checking host system type
aconfigure:1899: result: i686-pc-linux-gnu
aconfigure:1921: checking target system type
aconfigure:1936: result: i686-pc-linux-gnu
aconfigure:2026: checking for gcc
aconfigure:2042: found /usr/bin/gcc
aconfigure:2053: result: gcc
aconfigure:2291: checking for C compiler version
aconfigure:2298: gcc --version >&5
gcc (Ubuntu/Linaro 4.6.3-1ubuntu5) 4.6.3
Copyright (C) 2011 Free Software Foundation, Inc.
This is free software; see the source for copying conditions.  There is NO
warranty; not even for MERCHANTABILITY or FITNESS FOR A PARTICULAR PURPOSE.

aconfigure:2301: $? = 0
aconfigure:2308: gcc -v >&5
Using built-in specs.
COLLECT_GCC=gcc
COLLECT_LTO_WRAPPER=/usr/lib/gcc/i686-linux-gnu/4.6/lto-wrapper
Target: i686-linux-gnu
Configured with: ../src/configure -v --with-pkgversion='Ubuntu/Linaro 4.6.3-1ubuntu5' --with-bugurl=file:///usr/share/doc/gcc-4.6/README.Bugs --enable-languages=c,c++,fortran,objc,obj-c++ --prefix=/usr --program-suffix=-4.6 --enable-shared --enable-linker-build-id --with-system-zlib --libexecdir=/usr/lib --without-included-gettext --enable-threads=posix --with-gxx-include-dir=/usr/include/c++/4.6 --libdir=/usr/lib --enable-nls --with-sysroot=/ --enable-clocale=gnu --enable-libstdcxx-debug --enable-libstdcxx-time=yes --enable-gnu-unique-object --enable-plugin --enable-objc-gc --enable-targets=all --disable-werror --with-arch-32=i686 --with-tune=generic --enable-checking=release --build=i686-linux-gnu --host=i686-linux-gnu --target=i686-linux-gnu
Thread model: posix
gcc version 4.6.3 (Ubuntu/Linaro 4.6.3-1ubuntu5) 
aconfigure:2311: $? = 0
aconfigure:2318: gcc -V >&5
gcc: error: unrecognized option '-V'
gcc: fatal error: no input files
compilation terminated.
aconfigure:2321: $? = 4
aconfigure:2344: checking for C compiler default output file name
aconfigure:2371: gcc -O2   conftest.c  >&5
aconfigure:2374: $? = 0
aconfigure:2412: result: a.out
aconfigure:2429: checking whether the C compiler works
aconfigure:2439: ./a.out
aconfigure:2442: $? = 0
aconfigure:2459: result: yes
aconfigure:2466: checking whether we are cross compiling
aconfigure:2468: result: no
aconfigure:2471: checking for suffix of executables
aconfigure:2478: gcc -o conftest -O2   conftest.c  >&5
aconfigure:2481: $? = 0
aconfigure:2505: result: 
aconfigure:2511: checking for suffix of object files
aconfigure:2537: gcc -c -O2  conftest.c >&5
aconfigure:2540: $? = 0
aconfigure:2563: result: o
aconfigure:2567: checking whether we are using the GNU C compiler
aconfigure:2596: gcc -c -O2  conftest.c >&5
aconfigure:2602: $? = 0
aconfigure:2619: result: yes
aconfigure:2624: checking whether gcc accepts -g
aconfigure:2654: gcc -c -g  conftest.c >&5
aconfigure:2660: $? = 0
aconfigure:2759: result: yes
aconfigure:2776: checking for gcc option to accept ISO C89
aconfigure:2850: gcc  -c -O2  conftest.c >&5
aconfigure:2856: $? = 0
aconfigure:2879: result: none needed
aconfigure:2955: checking for g++
aconfigure:2971: found /usr/bin/g++
aconfigure:2982: result: g++
aconfigure:3013: checking for C++ compiler version
aconfigure:3020: g++ --version >&5
g++ (Ubuntu/Linaro 4.6.3-1ubuntu5) 4.6.3
Copyright (C) 2011 Free Software Foundation, Inc.
This is free software; see the source for copying conditions.  There is NO
warranty; not even for MERCHANTABILITY or FITNESS FOR A PARTICULAR PURPOSE.

aconfigure:3023: $? = 0
aconfigure:3030: g++ -v >&5
Using built-in specs.
COLLECT_GCC=g++
COLLECT_LTO_WRAPPER=/usr/lib/gcc/i686-linux-gnu/4.6/lto-wrapper
Target: i686-linux-gnu
Configured with: ../src/configure -v --with-pkgversion='Ubuntu/Linaro 4.6.3-1ubuntu5' --with-bugurl=file:///usr/share/doc/gcc-4.6/README.Bugs --enable-languages=c,c++,fortran,objc,obj-c++ --prefix=/usr --program-suffix=-4.6 --enable-shared --enable-linker-build-id --with-system-zlib --libexecdir=/usr/lib --without-included-gettext --enable-threads=posix --with-gxx-include-dir=/usr/include/c++/4.6 --libdir=/usr/lib --enable-nls --with-sysroot=/ --enable-clocale=gnu --enable-libstdcxx-debug --enable-libstdcxx-time=yes --enable-gnu-unique-object --enable-plugin --enable-objc-gc --enable-targets=all --disable-werror --with-arch-32=i686 --with-tune=generic --enable-checking=release --build=i686-linux-gnu --host=i686-linux-gnu --target=i686-linux-gnu
Thread model: posix
gcc version 4.6.3 (Ubuntu/Linaro 4.6.3-1ubuntu5) 
aconfigure:3033: $? = 0
aconfigure:3040: g++ -V >&5
g++: error: unrecognized option '-V'
g++: fatal error: no input files
compilation terminated.
aconfigure:3043: $? = 4
aconfigure:3046: checking whether we are using the GNU C++ compiler
aconfigure:3075: g++ -c -O2   conftest.cpp >&5
aconfigure:3081: $? = 0
aconfigure:3098: result: yes
aconfigure:3103: checking whether g++ accepts -g
aconfigure:3133: g++ -c -g  conftest.cpp >&5
aconfigure:3139: $? = 0
aconfigure:3238: result: yes
aconfigure:3318: checking for pthread_create in -lpthread
aconfigure:3353: gcc -o conftest -O2   conftest.c -lpthread   >&5
aconfigure:3359: $? = 0
aconfigure:3377: result: yes
aconfigure:3389: checking for puts in -lwsock32
aconfigure:3424: gcc -o conftest -O2   conftest.c -lwsock32  -lpthread  >&5
conftest.c:16:6: warning: conflicting types for built-in function 'puts' [enabled by default]
/usr/bin/ld: cannot find -lwsock32
collect2: ld returned 1 exit status
aconfigure:3430: $? = 1
aconfigure: failed program was:
| /* confdefs.h.  */
| #define PACKAGE_NAME "pjproject"
| #define PACKAGE_TARNAME "pjproject"
| #define PACKAGE_VERSION "1.x"
| #define PACKAGE_STRING "pjproject 1.x"
| #define PACKAGE_BUGREPORT ""
| #define HAVE_LIBPTHREAD 1
| /* end confdefs.h.  */
| 
| /* Override any GCC internal prototype to avoid an error.
|    Use char because int might match the return type of a GCC
|    builtin and then its argument prototype would still apply.  */
| #ifdef __cplusplus
| extern "C"
| #endif
| char puts ();
| int
| main ()
| {
| return puts ();
|   ;
|   return 0;
| }
aconfigure:3448: result: no
aconfigure:3460: checking for puts in -lws2_32
aconfigure:3495: gcc -o conftest -O2   conftest.c -lws2_32  -lpthread  >&5
conftest.c:16:6: warning: conflicting types for built-in function 'puts' [enabled by default]
/usr/bin/ld: cannot find -lws2_32
collect2: ld returned 1 exit status
aconfigure:3501: $? = 1
aconfigure: failed program was:
| /* confdefs.h.  */
| #define PACKAGE_NAME "pjproject"
| #define PACKAGE_TARNAME "pjproject"
| #define PACKAGE_VERSION "1.x"
| #define PACKAGE_STRING "pjproject 1.x"
| #define PACKAGE_BUGREPORT ""
| #define HAVE_LIBPTHREAD 1
| /* end confdefs.h.  */
| 
| /* Override any GCC internal prototype to avoid an error.
|    Use char because int might match the return type of a GCC
|    builtin and then its argument prototype would still apply.  */
| #ifdef __cplusplus
| extern "C"
| #endif
| char puts ();
| int
| main ()
| {
| return puts ();
|   ;
|   return 0;
| }
aconfigure:3519: result: no
aconfigure:3531: checking for puts in -lole32
aconfigure:3566: gcc -o conftest -O2   conftest.c -lole32  -lpthread  >&5
conftest.c:16:6: warning: conflicting types for built-in function 'puts' [enabled by default]
/usr/bin/ld: cannot find -lole32
collect2: ld returned 1 exit status
aconfigure:3572: $? = 1
aconfigure: failed program was:
| /* confdefs.h.  */
| #define PACKAGE_NAME "pjproject"
| #define PACKAGE_TARNAME "pjproject"
| #define PACKAGE_VERSION "1.x"
| #define PACKAGE_STRING "pjproject 1.x"
| #define PACKAGE_BUGREPORT ""
| #define HAVE_LIBPTHREAD 1
| /* end confdefs.h.  */
| 
| /* Override any GCC internal prototype to avoid an error.
|    Use char because int might match the return type of a GCC
|    builtin and then its argument prototype would still apply.  */
| #ifdef __cplusplus
| extern "C"
| #endif
| char puts ();
| int
| main ()
| {
| return puts ();
|   ;
|   return 0;
| }
aconfigure:3590: result: no
aconfigure:3602: checking for puts in -lwinmm
aconfigure:3637: gcc -o conftest -O2   conftest.c -lwinmm  -lpthread  >&5
conftest.c:16:6: warning: conflicting types for built-in function 'puts' [enabled by default]
/usr/bin/ld: cannot find -lwinmm
collect2: ld returned 1 exit status
aconfigure:3643: $? = 1
aconfigure: failed program was:
| /* confdefs.h.  */
| #define PACKAGE_NAME "pjproject"
| #define PACKAGE_TARNAME "pjproject"
| #define PACKAGE_VERSION "1.x"
| #define PACKAGE_STRING "pjproject 1.x"
| #define PACKAGE_BUGREPORT ""
| #define HAVE_LIBPTHREAD 1
| /* end confdefs.h.  */
| 
| /* Override any GCC internal prototype to avoid an error.
|    Use char because int might match the return type of a GCC
|    builtin and then its argument prototype would still apply.  */
| #ifdef __cplusplus
| extern "C"
| #endif
| char puts ();
| int
| main ()
| {
| return puts ();
|   ;
|   return 0;
| }
aconfigure:3661: result: no
aconfigure:3673: checking for puts in -lsocket
aconfigure:3708: gcc -o conftest -O2   conftest.c -lsocket  -lpthread  >&5
conftest.c:16:6: warning: conflicting types for built-in function 'puts' [enabled by default]
/usr/bin/ld: cannot find -lsocket
collect2: ld returned 1 exit status
aconfigure:3714: $? = 1
aconfigure: failed program was:
| /* confdefs.h.  */
| #define PACKAGE_NAME "pjproject"
| #define PACKAGE_TARNAME "pjproject"
| #define PACKAGE_VERSION "1.x"
| #define PACKAGE_STRING "pjproject 1.x"
| #define PACKAGE_BUGREPORT ""
| #define HAVE_LIBPTHREAD 1
| /* end confdefs.h.  */
| 
| /* Override any GCC internal prototype to avoid an error.
|    Use char because int might match the return type of a GCC
|    builtin and then its argument prototype would still apply.  */
| #ifdef __cplusplus
| extern "C"
| #endif
| char puts ();
| int
| main ()
| {
| return puts ();
|   ;
|   return 0;
| }
aconfigure:3732: result: no
aconfigure:3744: checking for puts in -lrt
aconfigure:3779: gcc -o conftest -O2   conftest.c -lrt  -lpthread  >&5
conftest.c:16:6: warning: conflicting types for built-in function 'puts' [enabled by default]
aconfigure:3785: $? = 0
aconfigure:3803: result: yes
aconfigure:3815: checking for puts in -lnsl
aconfigure:3850: gcc -o conftest -O2   conftest.c -lnsl  -lrt -lpthread  >&5
conftest.c:17:6: warning: conflicting types for built-in function 'puts' [enabled by default]
aconfigure:3856: $? = 0
aconfigure:3874: result: yes
aconfigure:3886: checking for uuid_generate in -luuid
aconfigure:3921: gcc -o conftest -O2   conftest.c -luuid  -lnsl -lrt -lpthread  >&5
/usr/bin/ld: cannot find -luuid
collect2: ld returned 1 exit status
aconfigure:3927: $? = 1
aconfigure: failed program was:
| /* confdefs.h.  */
| #define PACKAGE_NAME "pjproject"
| #define PACKAGE_TARNAME "pjproject"
| #define PACKAGE_VERSION "1.x"
| #define PACKAGE_STRING "pjproject 1.x"
| #define PACKAGE_BUGREPORT ""
| #define HAVE_LIBPTHREAD 1
| #define HAVE_LIBRT 1
| #define HAVE_LIBNSL 1
| /* end confdefs.h.  */
| 
| /* Override any GCC internal prototype to avoid an error.
|    Use char because int might match the return type of a GCC
|    builtin and then its argument prototype would still apply.  */
| #ifdef __cplusplus
| extern "C"
| #endif
| char uuid_generate ();
| int
| main ()
| {
| return uuid_generate ();
|   ;
|   return 0;
| }
aconfigure:3945: result: no
aconfigure:3956: checking for uuid_generate in -luuid
aconfigure:4015: result: no
aconfigure:4022: result: Setting PJ_M_NAME to i686
aconfigure:4029: checking memory alignment
aconfigure:4045: result: 4 bytes (default)
aconfigure:4056: checking how to run the C preprocessor
aconfigure:4096: gcc -E  conftest.c
aconfigure:4102: $? = 0
aconfigure:4133: gcc -E  conftest.c
conftest.c:13:28: fatal error: ac_nonexistent.h: No such file or directory
compilation terminated.
aconfigure:4139: $? = 1
aconfigure: failed program was:
| /* confdefs.h.  */
| #define PACKAGE_NAME "pjproject"
| #define PACKAGE_TARNAME "pjproject"
| #define PACKAGE_VERSION "1.x"
| #define PACKAGE_STRING "pjproject 1.x"
| #define PACKAGE_BUGREPORT ""
| #define HAVE_LIBPTHREAD 1
| #define HAVE_LIBRT 1
| #define HAVE_LIBNSL 1
| #define PJ_M_NAME "i686"
| #define PJ_POOL_ALIGNMENT 4
| /* end confdefs.h.  */
| #include <ac_nonexistent.h>
aconfigure:4172: result: gcc -E
aconfigure:4201: gcc -E  conftest.c
aconfigure:4207: $? = 0
aconfigure:4238: gcc -E  conftest.c
conftest.c:13:28: fatal error: ac_nonexistent.h: No such file or directory
compilation terminated.
aconfigure:4244: $? = 1
aconfigure: failed program was:
| /* confdefs.h.  */
| #define PACKAGE_NAME "pjproject"
| #define PACKAGE_TARNAME "pjproject"
| #define PACKAGE_VERSION "1.x"
| #define PACKAGE_STRING "pjproject 1.x"
| #define PACKAGE_BUGREPORT ""
| #define HAVE_LIBPTHREAD 1
| #define HAVE_LIBRT 1
| #define HAVE_LIBNSL 1
| #define PJ_M_NAME "i686"
| #define PJ_POOL_ALIGNMENT 4
| /* end confdefs.h.  */
| #include <ac_nonexistent.h>
aconfigure:4282: checking for grep that handles long lines and -e
aconfigure:4356: result: /bin/grep
aconfigure:4361: checking for egrep
aconfigure:4439: result: /bin/grep -E
aconfigure:4444: checking for ANSI C header files
aconfigure:4474: gcc -c -O2  conftest.c >&5
aconfigure:4480: $? = 0
aconfigure:4579: gcc -o conftest -O2   conftest.c -lnsl -lrt -lpthread  >&5
aconfigure:4582: $? = 0
aconfigure:4588: ./conftest
aconfigure:4591: $? = 0
aconfigure:4608: result: yes
aconfigure:4632: checking for sys/types.h
aconfigure:4653: gcc -c -O2  conftest.c >&5
aconfigure:4659: $? = 0
aconfigure:4675: result: yes
aconfigure:4632: checking for sys/stat.h
aconfigure:4653: gcc -c -O2  conftest.c >&5
aconfigure:4659: $? = 0
aconfigure:4675: result: yes
aconfigure:4632: checking for stdlib.h
aconfigure:4653: gcc -c -O2  conftest.c >&5
aconfigure:4659: $? = 0
aconfigure:4675: result: yes
aconfigure:4632: checking for string.h
aconfigure:4653: gcc -c -O2  conftest.c >&5
aconfigure:4659: $? = 0
aconfigure:4675: result: yes
aconfigure:4632: checking for memory.h
aconfigure:4653: gcc -c -O2  conftest.c >&5
aconfigure:4659: $? = 0
aconfigure:4675: result: yes
aconfigure:4632: checking for strings.h
aconfigure:4653: gcc -c -O2  conftest.c >&5
aconfigure:4659: $? = 0
aconfigure:4675: result: yes
aconfigure:4632: checking for inttypes.h
aconfigure:4653: gcc -c -O2  conftest.c >&5
aconfigure:4659: $? = 0
aconfigure:4675: result: yes
aconfigure:4632: checking for stdint.h
aconfigure:4653: gcc -c -O2  conftest.c >&5
aconfigure:4659: $? = 0
aconfigure:4675: result: yes
aconfigure:4632: checking for unistd.h
aconfigure:4653: gcc -c -O2  conftest.c >&5
aconfigure:4659: $? = 0
aconfigure:4675: result: yes
aconfigure:4687: checking whether byte ordering is bigendian
aconfigure:4720: gcc -c -O2  conftest.c >&5
aconfigure:4726: $? = 0
aconfigure:4758: gcc -c -O2  conftest.c >&5
conftest.c: In function 'main':
conftest.c:30:2: error: unknown type name 'not'
conftest.c:30:10: error: expected '=', ',', ';', 'asm' or '__attribute__' before 'endian'
aconfigure:4764: $? = 1
aconfigure: failed program was:
| /* confdefs.h.  */
| #define PACKAGE_NAME "pjproject"
| #define PACKAGE_TARNAME "pjproject"
| #define PACKAGE_VERSION "1.x"
| #define PACKAGE_STRING "pjproject 1.x"
| #define PACKAGE_BUGREPORT ""
| #define HAVE_LIBPTHREAD 1
| #define HAVE_LIBRT 1
| #define HAVE_LIBNSL 1
| #define PJ_M_NAME "i686"
| #define PJ_POOL_ALIGNMENT 4
| #define STDC_HEADERS 1
| #define HAVE_SYS_TYPES_H 1
| #define HAVE_SYS_STAT_H 1
| #define HAVE_STDLIB_H 1
| #define HAVE_STRING_H 1
| #define HAVE_MEMORY_H 1
| #define HAVE_STRINGS_H 1
| #define HAVE_INTTYPES_H 1
| #define HAVE_STDINT_H 1
| #define HAVE_UNISTD_H 1
| /* end confdefs.h.  */
| #include <sys/types.h>
| #include <sys/param.h>
| 
| int
| main ()
| {
| #if BYTE_ORDER != BIG_ENDIAN
|  not big endian
| #endif
| 
|   ;
|   return 0;
| }
aconfigure:4904: result: no
aconfigure:4992: result: Checking if floating point is disabled... no
aconfigure:4995: checking for fmod in -lm
aconfigure:5030: gcc -o conftest -O2 -DPJ_IS_BIG_ENDIAN=0 -DPJ_IS_LITTLE_ENDIAN=1   conftest.c -lm  -lnsl -lrt -lpthread  >&5
conftest.c:32:6: warning: conflicting types for built-in function 'fmod' [enabled by default]
aconfigure:5036: $? = 0
aconfigure:5054: result: yes
aconfigure:5080: checking arpa/inet.h usability
aconfigure:5097: gcc -c -O2 -DPJ_IS_BIG_ENDIAN=0 -DPJ_IS_LITTLE_ENDIAN=1  conftest.c >&5
aconfigure:5103: $? = 0
aconfigure:5117: result: yes
aconfigure:5121: checking arpa/inet.h presence
aconfigure:5136: gcc -E  conftest.c
aconfigure:5142: $? = 0
aconfigure:5156: result: yes
aconfigure:5184: checking for arpa/inet.h
aconfigure:5191: result: yes
aconfigure:5213: checking assert.h usability
aconfigure:5230: gcc -c -O2 -DPJ_IS_BIG_ENDIAN=0 -DPJ_IS_LITTLE_ENDIAN=1  conftest.c >&5
aconfigure:5236: $? = 0
aconfigure:5250: result: yes
aconfigure:5254: checking assert.h presence
aconfigure:5269: gcc -E  conftest.c
aconfigure:5275: $? = 0
aconfigure:5289: result: yes
aconfigure:5317: checking for assert.h
aconfigure:5324: result: yes
aconfigure:5346: checking ctype.h usability
aconfigure:5363: gcc -c -O2 -DPJ_IS_BIG_ENDIAN=0 -DPJ_IS_LITTLE_ENDIAN=1  conftest.c >&5
aconfigure:5369: $? = 0
aconfigure:5383: result: yes
aconfigure:5387: checking ctype.h presence
aconfigure:5402: gcc -E  conftest.c
aconfigure:5408: $? = 0
aconfigure:5422: result: yes
aconfigure:5450: checking for ctype.h
aconfigure:5457: result: yes
aconfigure:5488: checking errno.h usability
aconfigure:5505: gcc -c -O2 -DPJ_IS_BIG_ENDIAN=0 -DPJ_IS_LITTLE_ENDIAN=1  conftest.c >&5
aconfigure:5511: $? = 0
aconfigure:5525: result: yes
aconfigure:5529: checking errno.h presence
aconfigure:5544: gcc -E  conftest.c
aconfigure:5550: $? = 0
aconfigure:5564: result: yes
aconfigure:5592: checking for errno.h
aconfigure:5599: result: yes
aconfigure:5624: checking fcntl.h usability
aconfigure:5641: gcc -c -O2 -DPJ_IS_BIG_ENDIAN=0 -DPJ_IS_LITTLE_ENDIAN=1  conftest.c >&5
aconfigure:5647: $? = 0
aconfigure:5661: result: yes
aconfigure:5665: checking fcntl.h presence
aconfigure:5680: gcc -E  conftest.c
aconfigure:5686: $? = 0
aconfigure:5700: result: yes
aconfigure:5728: checking for fcntl.h
aconfigure:5735: result: yes
aconfigure:5757: checking linux/socket.h usability
aconfigure:5774: gcc -c -O2 -DPJ_IS_BIG_ENDIAN=0 -DPJ_IS_LITTLE_ENDIAN=1  conftest.c >&5
aconfigure:5780: $? = 0
aconfigure:5794: result: yes
aconfigure:5798: checking linux/socket.h presence
aconfigure:5813: gcc -E  conftest.c
aconfigure:5819: $? = 0
aconfigure:5833: result: yes
aconfigure:5861: checking for linux/socket.h
aconfigure:5868: result: yes
aconfigure:5890: checking limits.h usability
aconfigure:5907: gcc -c -O2 -DPJ_IS_BIG_ENDIAN=0 -DPJ_IS_LITTLE_ENDIAN=1  conftest.c >&5
aconfigure:5913: $? = 0
aconfigure:5927: result: yes
aconfigure:5931: checking limits.h presence
aconfigure:5946: gcc -E  conftest.c
aconfigure:5952: $? = 0
aconfigure:5966: result: yes
aconfigure:5994: checking for limits.h
aconfigure:6001: result: yes
aconfigure:6023: checking malloc.h usability
aconfigure:6040: gcc -c -O2 -DPJ_IS_BIG_ENDIAN=0 -DPJ_IS_LITTLE_ENDIAN=1  conftest.c >&5
aconfigure:6046: $? = 0
aconfigure:6060: result: yes
aconfigure:6064: checking malloc.h presence
aconfigure:6079: gcc -E  conftest.c
aconfigure:6085: $? = 0
aconfigure:6099: result: yes
aconfigure:6127: checking for malloc.h
aconfigure:6134: result: yes
aconfigure:6156: checking netdb.h usability
aconfigure:6173: gcc -c -O2 -DPJ_IS_BIG_ENDIAN=0 -DPJ_IS_LITTLE_ENDIAN=1  conftest.c >&5
aconfigure:6179: $? = 0
aconfigure:6193: result: yes
aconfigure:6197: checking netdb.h presence
aconfigure:6212: gcc -E  conftest.c
aconfigure:6218: $? = 0
aconfigure:6232: result: yes
aconfigure:6260: checking for netdb.h
aconfigure:6267: result: yes
aconfigure:6289: checking netinet/in_systm.h usability
aconfigure:6306: gcc -c -O2 -DPJ_IS_BIG_ENDIAN=0 -DPJ_IS_LITTLE_ENDIAN=1  conftest.c >&5
aconfigure:6312: $? = 0
aconfigure:6326: result: yes
aconfigure:6330: checking netinet/in_systm.h presence
aconfigure:6345: gcc -E  conftest.c
aconfigure:6351: $? = 0
aconfigure:6365: result: yes
aconfigure:6393: checking for netinet/in_systm.h
aconfigure:6400: result: yes
aconfigure:6422: checking netinet/in.h usability
aconfigure:6439: gcc -c -O2 -DPJ_IS_BIG_ENDIAN=0 -DPJ_IS_LITTLE_ENDIAN=1  conftest.c >&5
aconfigure:6445: $? = 0
aconfigure:6459: result: yes
aconfigure:6463: checking netinet/in.h presence
aconfigure:6478: gcc -E  conftest.c
aconfigure:6484: $? = 0
aconfigure:6498: result: yes
aconfigure:6526: checking for netinet/in.h
aconfigure:6533: result: yes
aconfigure:6545: checking for netinet/ip.h
aconfigure:6575: gcc -c -O2 -DPJ_IS_BIG_ENDIAN=0 -DPJ_IS_LITTLE_ENDIAN=1  conftest.c >&5
aconfigure:6581: $? = 0
aconfigure:6596: result: yes
aconfigure:6616: checking netinet/tcp.h usability
aconfigure:6633: gcc -c -O2 -DPJ_IS_BIG_ENDIAN=0 -DPJ_IS_LITTLE_ENDIAN=1  conftest.c >&5
aconfigure:6639: $? = 0
aconfigure:6653: result: yes
aconfigure:6657: checking netinet/tcp.h presence
aconfigure:6672: gcc -E  conftest.c
aconfigure:6678: $? = 0
aconfigure:6692: result: yes
aconfigure:6720: checking for netinet/tcp.h
aconfigure:6727: result: yes
aconfigure:6749: checking ifaddrs.h usability
aconfigure:6766: gcc -c -O2 -DPJ_IS_BIG_ENDIAN=0 -DPJ_IS_LITTLE_ENDIAN=1  conftest.c >&5
aconfigure:6772: $? = 0
aconfigure:6786: result: yes
aconfigure:6790: checking ifaddrs.h presence
aconfigure:6805: gcc -E  conftest.c
aconfigure:6811: $? = 0
aconfigure:6825: result: yes
aconfigure:6853: checking for ifaddrs.h
aconfigure:6860: result: yes
aconfigure:6865: checking for getifaddrs
aconfigure:6921: gcc -o conftest -O2 -DPJ_IS_BIG_ENDIAN=0 -DPJ_IS_LITTLE_ENDIAN=1   conftest.c -lm -lnsl -lrt -lpthread  >&5
aconfigure:6927: $? = 0
aconfigure:6944: result: yes
aconfigure:6966: checking semaphore.h usability
aconfigure:6983: gcc -c -O2 -DPJ_IS_BIG_ENDIAN=0 -DPJ_IS_LITTLE_ENDIAN=1  conftest.c >&5
aconfigure:6989: $? = 0
aconfigure:7003: result: yes
aconfigure:7007: checking semaphore.h presence
aconfigure:7022: gcc -E  conftest.c
aconfigure:7028: $? = 0
aconfigure:7042: result: yes
aconfigure:7070: checking for semaphore.h
aconfigure:7077: result: yes
aconfigure:7099: checking setjmp.h usability
aconfigure:7116: gcc -c -O2 -DPJ_IS_BIG_ENDIAN=0 -DPJ_IS_LITTLE_ENDIAN=1  conftest.c >&5
aconfigure:7122: $? = 0
aconfigure:7136: result: yes
aconfigure:7140: checking setjmp.h presence
aconfigure:7155: gcc -E  conftest.c
aconfigure:7161: $? = 0
aconfigure:7175: result: yes
aconfigure:7203: checking for setjmp.h
aconfigure:7210: result: yes
aconfigure:7232: checking stdarg.h usability
aconfigure:7249: gcc -c -O2 -DPJ_IS_BIG_ENDIAN=0 -DPJ_IS_LITTLE_ENDIAN=1  conftest.c >&5
aconfigure:7255: $? = 0
aconfigure:7269: result: yes
aconfigure:7273: checking stdarg.h presence
aconfigure:7288: gcc -E  conftest.c
aconfigure:7294: $? = 0
aconfigure:7308: result: yes
aconfigure:7336: checking for stdarg.h
aconfigure:7343: result: yes
aconfigure:7365: checking stddef.h usability
aconfigure:7382: gcc -c -O2 -DPJ_IS_BIG_ENDIAN=0 -DPJ_IS_LITTLE_ENDIAN=1  conftest.c >&5
aconfigure:7388: $? = 0
aconfigure:7402: result: yes
aconfigure:7406: checking stddef.h presence
aconfigure:7421: gcc -E  conftest.c
aconfigure:7427: $? = 0
aconfigure:7441: result: yes
aconfigure:7469: checking for stddef.h
aconfigure:7476: result: yes
aconfigure:7498: checking stdio.h usability
aconfigure:7515: gcc -c -O2 -DPJ_IS_BIG_ENDIAN=0 -DPJ_IS_LITTLE_ENDIAN=1  conftest.c >&5
aconfigure:7521: $? = 0
aconfigure:7535: result: yes
aconfigure:7539: checking stdio.h presence
aconfigure:7554: gcc -E  conftest.c
aconfigure:7560: $? = 0
aconfigure:7574: result: yes
aconfigure:7602: checking for stdio.h
aconfigure:7609: result: yes
aconfigure:7622: checking for stdint.h
aconfigure:7627: result: yes
aconfigure:7755: checking for stdlib.h
aconfigure:7760: result: yes
aconfigure:7888: checking for string.h
aconfigure:7893: result: yes
aconfigure:8030: checking sys/ioctl.h usability
aconfigure:8047: gcc -c -O2 -DPJ_IS_BIG_ENDIAN=0 -DPJ_IS_LITTLE_ENDIAN=1  conftest.c >&5
aconfigure:8053: $? = 0
aconfigure:8067: result: yes
aconfigure:8071: checking sys/ioctl.h presence
aconfigure:8086: gcc -E  conftest.c
aconfigure:8092: $? = 0
aconfigure:8106: result: yes
aconfigure:8134: checking for sys/ioctl.h
aconfigure:8141: result: yes
aconfigure:8163: checking sys/select.h usability
aconfigure:8180: gcc -c -O2 -DPJ_IS_BIG_ENDIAN=0 -DPJ_IS_LITTLE_ENDIAN=1  conftest.c >&5
aconfigure:8186: $? = 0
aconfigure:8200: result: yes
aconfigure:8204: checking sys/select.h presence
aconfigure:8219: gcc -E  conftest.c
aconfigure:8225: $? = 0
aconfigure:8239: result: yes
aconfigure:8267: checking for sys/select.h
aconfigure:8274: result: yes
aconfigure:8296: checking sys/socket.h usability
aconfigure:8313: gcc -c -O2 -DPJ_IS_BIG_ENDIAN=0 -DPJ_IS_LITTLE_ENDIAN=1  conftest.c >&5
aconfigure:8319: $? = 0
aconfigure:8333: result: yes
aconfigure:8337: checking sys/socket.h presence
aconfigure:8352: gcc -E  conftest.c
aconfigure:8358: $? = 0
aconfigure:8372: result: yes
aconfigure:8400: checking for sys/socket.h
aconfigure:8407: result: yes
aconfigure:8429: checking sys/time.h usability
aconfigure:8446: gcc -c -O2 -DPJ_IS_BIG_ENDIAN=0 -DPJ_IS_LITTLE_ENDIAN=1  conftest.c >&5
aconfigure:8452: $? = 0
aconfigure:8466: result: yes
aconfigure:8470: checking sys/time.h presence
aconfigure:8485: gcc -E  conftest.c
aconfigure:8491: $? = 0
aconfigure:8505: result: yes
aconfigure:8533: checking for sys/time.h
aconfigure:8540: result: yes
aconfigure:8562: checking sys/timeb.h usability
aconfigure:8579: gcc -c -O2 -DPJ_IS_BIG_ENDIAN=0 -DPJ_IS_LITTLE_ENDIAN=1  conftest.c >&5
aconfigure:8585: $? = 0
aconfigure:8599: result: yes
aconfigure:8603: checking sys/timeb.h presence
aconfigure:8618: gcc -E  conftest.c
aconfigure:8624: $? = 0
aconfigure:8638: result: yes
aconfigure:8666: checking for sys/timeb.h
aconfigure:8673: result: yes
aconfigure:8686: checking for sys/types.h
aconfigure:8691: result: yes
aconfigure:8828: checking sys/filio.h usability
aconfigure:8845: gcc -c -O2 -DPJ_IS_BIG_ENDIAN=0 -DPJ_IS_LITTLE_ENDIAN=1  conftest.c >&5
conftest.c:87:23: fatal error: sys/filio.h: No such file or directory
compilation terminated.
aconfigure:8851: $? = 1
aconfigure: failed program was:
| /* confdefs.h.  */
| #define PACKAGE_NAME "pjproject"
| #define PACKAGE_TARNAME "pjproject"
| #define PACKAGE_VERSION "1.x"
| #define PACKAGE_STRING "pjproject 1.x"
| #define PACKAGE_BUGREPORT ""
| #define HAVE_LIBPTHREAD 1
| #define HAVE_LIBRT 1
| #define HAVE_LIBNSL 1
| #define PJ_M_NAME "i686"
| #define PJ_POOL_ALIGNMENT 4
| #define STDC_HEADERS 1
| #define HAVE_SYS_TYPES_H 1
| #define HAVE_SYS_STAT_H 1
| #define HAVE_STDLIB_H 1
| #define HAVE_STRING_H 1
| #define HAVE_MEMORY_H 1
| #define HAVE_STRINGS_H 1
| #define HAVE_INTTYPES_H 1
| #define HAVE_STDINT_H 1
| #define HAVE_UNISTD_H 1
| #define PJ_LINUX 1
| #define PJ_HAS_FLOATING_POINT 1
| #define HAVE_LIBM 1
| #define PJ_HAS_ARPA_INET_H 1
| #define PJ_HAS_ASSERT_H 1
| #define PJ_HAS_CTYPE_H 1
| #define PJ_HAS_ERRNO_H 1
| #define PJ_HAS_FCNTL_H 1
| #define PJ_HAS_LINUX_SOCKET_H 1
| #define PJ_HAS_LIMITS_H 1
| #define PJ_HAS_MALLOC_H 1
| #define PJ_HAS_NETDB_H 1
| #define PJ_HAS_NETINET_IN_SYSTM_H 1
| #define PJ_HAS_NETINET_IN_H 1
| #define PJ_HAS_NETINET_IP_H 1
| #define PJ_HAS_NETINET_TCP_H 1
| #define PJ_HAS_IFADDRS_H 1
| #define PJ_HAS_SEMAPHORE_H 1
| #define PJ_HAS_SETJMP_H 1
| #define PJ_HAS_STDARG_H 1
| #define PJ_HAS_STDDEF_H 1
| #define PJ_HAS_STDIO_H 1
| #define PJ_HAS_STDINT_H 1
| #define PJ_HAS_STDLIB_H 1
| #define PJ_HAS_STRING_H 1
| #define PJ_HAS_SYS_IOCTL_H 1
| #define PJ_HAS_SYS_SELECT_H 1
| #define PJ_HAS_SYS_SOCKET_H 1
| #define PJ_HAS_SYS_TIME_H 1
| #define PJ_HAS_SYS_TIMEB_H 1
| #define PJ_HAS_SYS_TYPES_H 1
| /* end confdefs.h.  */
| #include <stdio.h>
| #ifdef HAVE_SYS_TYPES_H
| # include <sys/types.h>
| #endif
| #ifdef HAVE_SYS_STAT_H
| # include <sys/stat.h>
| #endif
| #ifdef STDC_HEADERS
| # include <stdlib.h>
| # include <stddef.h>
| #else
| # ifdef HAVE_STDLIB_H
| #  include <stdlib.h>
| # endif
| #endif
| #ifdef HAVE_STRING_H
| # if !defined STDC_HEADERS && defined HAVE_MEMORY_H
| #  include <memory.h>
| # endif
| # include <string.h>
| #endif
| #ifdef HAVE_STRINGS_H
| # include <strings.h>
| #endif
| #ifdef HAVE_INTTYPES_H
| # include <inttypes.h>
| #endif
| #ifdef HAVE_STDINT_H
| # include <stdint.h>
| #endif
| #ifdef HAVE_UNISTD_H
| # include <unistd.h>
| #endif
| #include <sys/filio.h>
aconfigure:8865: result: no
aconfigure:8869: checking sys/filio.h presence
aconfigure:8884: gcc -E  conftest.c
conftest.c:54:23: fatal error: sys/filio.h: No such file or directory
compilation terminated.
aconfigure:8890: $? = 1
aconfigure: failed program was:
| /* confdefs.h.  */
| #define PACKAGE_NAME "pjproject"
| #define PACKAGE_TARNAME "pjproject"
| #define PACKAGE_VERSION "1.x"
| #define PACKAGE_STRING "pjproject 1.x"
| #define PACKAGE_BUGREPORT ""
| #define HAVE_LIBPTHREAD 1
| #define HAVE_LIBRT 1
| #define HAVE_LIBNSL 1
| #define PJ_M_NAME "i686"
| #define PJ_POOL_ALIGNMENT 4
| #define STDC_HEADERS 1
| #define HAVE_SYS_TYPES_H 1
| #define HAVE_SYS_STAT_H 1
| #define HAVE_STDLIB_H 1
| #define HAVE_STRING_H 1
| #define HAVE_MEMORY_H 1
| #define HAVE_STRINGS_H 1
| #define HAVE_INTTYPES_H 1
| #define HAVE_STDINT_H 1
| #define HAVE_UNISTD_H 1
| #define PJ_LINUX 1
| #define PJ_HAS_FLOATING_POINT 1
| #define HAVE_LIBM 1
| #define PJ_HAS_ARPA_INET_H 1
| #define PJ_HAS_ASSERT_H 1
| #define PJ_HAS_CTYPE_H 1
| #define PJ_HAS_ERRNO_H 1
| #define PJ_HAS_FCNTL_H 1
| #define PJ_HAS_LINUX_SOCKET_H 1
| #define PJ_HAS_LIMITS_H 1
| #define PJ_HAS_MALLOC_H 1
| #define PJ_HAS_NETDB_H 1
| #define PJ_HAS_NETINET_IN_SYSTM_H 1
| #define PJ_HAS_NETINET_IN_H 1
| #define PJ_HAS_NETINET_IP_H 1
| #define PJ_HAS_NETINET_TCP_H 1
| #define PJ_HAS_IFADDRS_H 1
| #define PJ_HAS_SEMAPHORE_H 1
| #define PJ_HAS_SETJMP_H 1
| #define PJ_HAS_STDARG_H 1
| #define PJ_HAS_STDDEF_H 1
| #define PJ_HAS_STDIO_H 1
| #define PJ_HAS_STDINT_H 1
| #define PJ_HAS_STDLIB_H 1
| #define PJ_HAS_STRING_H 1
| #define PJ_HAS_SYS_IOCTL_H 1
| #define PJ_HAS_SYS_SELECT_H 1
| #define PJ_HAS_SYS_SOCKET_H 1
| #define PJ_HAS_SYS_TIME_H 1
| #define PJ_HAS_SYS_TIMEB_H 1
| #define PJ_HAS_SYS_TYPES_H 1
| /* end confdefs.h.  */
| #include <sys/filio.h>
aconfigure:8904: result: no
aconfigure:8932: checking for sys/filio.h
aconfigure:8939: result: no
aconfigure:8961: checking sys/sockio.h usability
aconfigure:8978: gcc -c -O2 -DPJ_IS_BIG_ENDIAN=0 -DPJ_IS_LITTLE_ENDIAN=1  conftest.c >&5
conftest.c:87:24: fatal error: sys/sockio.h: No such file or directory
compilation terminated.
aconfigure:8984: $? = 1
aconfigure: failed program was:
| /* confdefs.h.  */
| #define PACKAGE_NAME "pjproject"
| #define PACKAGE_TARNAME "pjproject"
| #define PACKAGE_VERSION "1.x"
| #define PACKAGE_STRING "pjproject 1.x"
| #define PACKAGE_BUGREPORT ""
| #define HAVE_LIBPTHREAD 1
| #define HAVE_LIBRT 1
| #define HAVE_LIBNSL 1
| #define PJ_M_NAME "i686"
| #define PJ_POOL_ALIGNMENT 4
| #define STDC_HEADERS 1
| #define HAVE_SYS_TYPES_H 1
| #define HAVE_SYS_STAT_H 1
| #define HAVE_STDLIB_H 1
| #define HAVE_STRING_H 1
| #define HAVE_MEMORY_H 1
| #define HAVE_STRINGS_H 1
| #define HAVE_INTTYPES_H 1
| #define HAVE_STDINT_H 1
| #define HAVE_UNISTD_H 1
| #define PJ_LINUX 1
| #define PJ_HAS_FLOATING_POINT 1
| #define HAVE_LIBM 1
| #define PJ_HAS_ARPA_INET_H 1
| #define PJ_HAS_ASSERT_H 1
| #define PJ_HAS_CTYPE_H 1
| #define PJ_HAS_ERRNO_H 1
| #define PJ_HAS_FCNTL_H 1
| #define PJ_HAS_LINUX_SOCKET_H 1
| #define PJ_HAS_LIMITS_H 1
| #define PJ_HAS_MALLOC_H 1
| #define PJ_HAS_NETDB_H 1
| #define PJ_HAS_NETINET_IN_SYSTM_H 1
| #define PJ_HAS_NETINET_IN_H 1
| #define PJ_HAS_NETINET_IP_H 1
| #define PJ_HAS_NETINET_TCP_H 1
| #define PJ_HAS_IFADDRS_H 1
| #define PJ_HAS_SEMAPHORE_H 1
| #define PJ_HAS_SETJMP_H 1
| #define PJ_HAS_STDARG_H 1
| #define PJ_HAS_STDDEF_H 1
| #define PJ_HAS_STDIO_H 1
| #define PJ_HAS_STDINT_H 1
| #define PJ_HAS_STDLIB_H 1
| #define PJ_HAS_STRING_H 1
| #define PJ_HAS_SYS_IOCTL_H 1
| #define PJ_HAS_SYS_SELECT_H 1
| #define PJ_HAS_SYS_SOCKET_H 1
| #define PJ_HAS_SYS_TIME_H 1
| #define PJ_HAS_SYS_TIMEB_H 1
| #define PJ_HAS_SYS_TYPES_H 1
| /* end confdefs.h.  */
| #include <stdio.h>
| #ifdef HAVE_SYS_TYPES_H
| # include <sys/types.h>
| #endif
| #ifdef HAVE_SYS_STAT_H
| # include <sys/stat.h>
| #endif
| #ifdef STDC_HEADERS
| # include <stdlib.h>
| # include <stddef.h>
| #else
| # ifdef HAVE_STDLIB_H
| #  include <stdlib.h>
| # endif
| #endif
| #ifdef HAVE_STRING_H
| # if !defined STDC_HEADERS && defined HAVE_MEMORY_H
| #  include <memory.h>
| # endif
| # include <string.h>
| #endif
| #ifdef HAVE_STRINGS_H
| # include <strings.h>
| #endif
| #ifdef HAVE_INTTYPES_H
| # include <inttypes.h>
| #endif
| #ifdef HAVE_STDINT_H
| # include <stdint.h>
| #endif
| #ifdef HAVE_UNISTD_H
| # include <unistd.h>
| #endif
| #include <sys/sockio.h>
aconfigure:8998: result: no
aconfigure:9002: checking sys/sockio.h presence
aconfigure:9017: gcc -E  conftest.c
conftest.c:54:24: fatal error: sys/sockio.h: No such file or directory
compilation terminated.
aconfigure:9023: $? = 1
aconfigure: failed program was:
| /* confdefs.h.  */
| #define PACKAGE_NAME "pjproject"
| #define PACKAGE_TARNAME "pjproject"
| #define PACKAGE_VERSION "1.x"
| #define PACKAGE_STRING "pjproject 1.x"
| #define PACKAGE_BUGREPORT ""
| #define HAVE_LIBPTHREAD 1
| #define HAVE_LIBRT 1
| #define HAVE_LIBNSL 1
| #define PJ_M_NAME "i686"
| #define PJ_POOL_ALIGNMENT 4
| #define STDC_HEADERS 1
| #define HAVE_SYS_TYPES_H 1
| #define HAVE_SYS_STAT_H 1
| #define HAVE_STDLIB_H 1
| #define HAVE_STRING_H 1
| #define HAVE_MEMORY_H 1
| #define HAVE_STRINGS_H 1
| #define HAVE_INTTYPES_H 1
| #define HAVE_STDINT_H 1
| #define HAVE_UNISTD_H 1
| #define PJ_LINUX 1
| #define PJ_HAS_FLOATING_POINT 1
| #define HAVE_LIBM 1
| #define PJ_HAS_ARPA_INET_H 1
| #define PJ_HAS_ASSERT_H 1
| #define PJ_HAS_CTYPE_H 1
| #define PJ_HAS_ERRNO_H 1
| #define PJ_HAS_FCNTL_H 1
| #define PJ_HAS_LINUX_SOCKET_H 1
| #define PJ_HAS_LIMITS_H 1
| #define PJ_HAS_MALLOC_H 1
| #define PJ_HAS_NETDB_H 1
| #define PJ_HAS_NETINET_IN_SYSTM_H 1
| #define PJ_HAS_NETINET_IN_H 1
| #define PJ_HAS_NETINET_IP_H 1
| #define PJ_HAS_NETINET_TCP_H 1
| #define PJ_HAS_IFADDRS_H 1
| #define PJ_HAS_SEMAPHORE_H 1
| #define PJ_HAS_SETJMP_H 1
| #define PJ_HAS_STDARG_H 1
| #define PJ_HAS_STDDEF_H 1
| #define PJ_HAS_STDIO_H 1
| #define PJ_HAS_STDINT_H 1
| #define PJ_HAS_STDLIB_H 1
| #define PJ_HAS_STRING_H 1
| #define PJ_HAS_SYS_IOCTL_H 1
| #define PJ_HAS_SYS_SELECT_H 1
| #define PJ_HAS_SYS_SOCKET_H 1
| #define PJ_HAS_SYS_TIME_H 1
| #define PJ_HAS_SYS_TIMEB_H 1
| #define PJ_HAS_SYS_TYPES_H 1
| /* end confdefs.h.  */
| #include <sys/sockio.h>
aconfigure:9037: result: no
aconfigure:9065: checking for sys/sockio.h
aconfigure:9072: result: no
aconfigure:9094: checking sys/utsname.h usability
aconfigure:9111: gcc -c -O2 -DPJ_IS_BIG_ENDIAN=0 -DPJ_IS_LITTLE_ENDIAN=1  conftest.c >&5
aconfigure:9117: $? = 0
aconfigure:9131: result: yes
aconfigure:9135: checking sys/utsname.h presence
aconfigure:9150: gcc -E  conftest.c
aconfigure:9156: $? = 0
aconfigure:9170: result: yes
aconfigure:9198: checking for sys/utsname.h
aconfigure:9205: result: yes
aconfigure:9227: checking time.h usability
aconfigure:9244: gcc -c -O2 -DPJ_IS_BIG_ENDIAN=0 -DPJ_IS_LITTLE_ENDIAN=1  conftest.c >&5
aconfigure:9250: $? = 0
aconfigure:9264: result: yes
aconfigure:9268: checking time.h presence
aconfigure:9283: gcc -E  conftest.c
aconfigure:9289: $? = 0
aconfigure:9303: result: yes
aconfigure:9331: checking for time.h
aconfigure:9338: result: yes
aconfigure:9351: checking for unistd.h
aconfigure:9356: result: yes
aconfigure:9493: checking winsock.h usability
aconfigure:9510: gcc -c -O2 -DPJ_IS_BIG_ENDIAN=0 -DPJ_IS_LITTLE_ENDIAN=1  conftest.c >&5
conftest.c:90:21: fatal error: winsock.h: No such file or directory
compilation terminated.
aconfigure:9516: $? = 1
aconfigure: failed program was:
| /* confdefs.h.  */
| #define PACKAGE_NAME "pjproject"
| #define PACKAGE_TARNAME "pjproject"
| #define PACKAGE_VERSION "1.x"
| #define PACKAGE_STRING "pjproject 1.x"
| #define PACKAGE_BUGREPORT ""
| #define HAVE_LIBPTHREAD 1
| #define HAVE_LIBRT 1
| #define HAVE_LIBNSL 1
| #define PJ_M_NAME "i686"
| #define PJ_POOL_ALIGNMENT 4
| #define STDC_HEADERS 1
| #define HAVE_SYS_TYPES_H 1
| #define HAVE_SYS_STAT_H 1
| #define HAVE_STDLIB_H 1
| #define HAVE_STRING_H 1
| #define HAVE_MEMORY_H 1
| #define HAVE_STRINGS_H 1
| #define HAVE_INTTYPES_H 1
| #define HAVE_STDINT_H 1
| #define HAVE_UNISTD_H 1
| #define PJ_LINUX 1
| #define PJ_HAS_FLOATING_POINT 1
| #define HAVE_LIBM 1
| #define PJ_HAS_ARPA_INET_H 1
| #define PJ_HAS_ASSERT_H 1
| #define PJ_HAS_CTYPE_H 1
| #define PJ_HAS_ERRNO_H 1
| #define PJ_HAS_FCNTL_H 1
| #define PJ_HAS_LINUX_SOCKET_H 1
| #define PJ_HAS_LIMITS_H 1
| #define PJ_HAS_MALLOC_H 1
| #define PJ_HAS_NETDB_H 1
| #define PJ_HAS_NETINET_IN_SYSTM_H 1
| #define PJ_HAS_NETINET_IN_H 1
| #define PJ_HAS_NETINET_IP_H 1
| #define PJ_HAS_NETINET_TCP_H 1
| #define PJ_HAS_IFADDRS_H 1
| #define PJ_HAS_SEMAPHORE_H 1
| #define PJ_HAS_SETJMP_H 1
| #define PJ_HAS_STDARG_H 1
| #define PJ_HAS_STDDEF_H 1
| #define PJ_HAS_STDIO_H 1
| #define PJ_HAS_STDINT_H 1
| #define PJ_HAS_STDLIB_H 1
| #define PJ_HAS_STRING_H 1
| #define PJ_HAS_SYS_IOCTL_H 1
| #define PJ_HAS_SYS_SELECT_H 1
| #define PJ_HAS_SYS_SOCKET_H 1
| #define PJ_HAS_SYS_TIME_H 1
| #define PJ_HAS_SYS_TIMEB_H 1
| #define PJ_HAS_SYS_TYPES_H 1
| #define PJ_HAS_SYS_UTSNAME_H 1
| #define PJ_HAS_TIME_H 1
| #define PJ_HAS_UNISTD_H 1
| /* end confdefs.h.  */
| #include <stdio.h>
| #ifdef HAVE_SYS_TYPES_H
| # include <sys/types.h>
| #endif
| #ifdef HAVE_SYS_STAT_H
| # include <sys/stat.h>
| #endif
| #ifdef STDC_HEADERS
| # include <stdlib.h>
| # include <stddef.h>
| #else
| # ifdef HAVE_STDLIB_H
| #  include <stdlib.h>
| # endif
| #endif
| #ifdef HAVE_STRING_H
| # if !defined STDC_HEADERS && defined HAVE_MEMORY_H
| #  include <memory.h>
| # endif
| # include <string.h>
| #endif
| #ifdef HAVE_STRINGS_H
| # include <strings.h>
| #endif
| #ifdef HAVE_INTTYPES_H
| # include <inttypes.h>
| #endif
| #ifdef HAVE_STDINT_H
| # include <stdint.h>
| #endif
| #ifdef HAVE_UNISTD_H
| # include <unistd.h>
| #endif
| #include <winsock.h>
aconfigure:9530: result: no
aconfigure:9534: checking winsock.h presence
aconfigure:9549: gcc -E  conftest.c
conftest.c:57:21: fatal error: winsock.h: No such file or directory
compilation terminated.
aconfigure:9555: $? = 1
aconfigure: failed program was:
| /* confdefs.h.  */
| #define PACKAGE_NAME "pjproject"
| #define PACKAGE_TARNAME "pjproject"
| #define PACKAGE_VERSION "1.x"
| #define PACKAGE_STRING "pjproject 1.x"
| #define PACKAGE_BUGREPORT ""
| #define HAVE_LIBPTHREAD 1
| #define HAVE_LIBRT 1
| #define HAVE_LIBNSL 1
| #define PJ_M_NAME "i686"
| #define PJ_POOL_ALIGNMENT 4
| #define STDC_HEADERS 1
| #define HAVE_SYS_TYPES_H 1
| #define HAVE_SYS_STAT_H 1
| #define HAVE_STDLIB_H 1
| #define HAVE_STRING_H 1
| #define HAVE_MEMORY_H 1
| #define HAVE_STRINGS_H 1
| #define HAVE_INTTYPES_H 1
| #define HAVE_STDINT_H 1
| #define HAVE_UNISTD_H 1
| #define PJ_LINUX 1
| #define PJ_HAS_FLOATING_POINT 1
| #define HAVE_LIBM 1
| #define PJ_HAS_ARPA_INET_H 1
| #define PJ_HAS_ASSERT_H 1
| #define PJ_HAS_CTYPE_H 1
| #define PJ_HAS_ERRNO_H 1
| #define PJ_HAS_FCNTL_H 1
| #define PJ_HAS_LINUX_SOCKET_H 1
| #define PJ_HAS_LIMITS_H 1
| #define PJ_HAS_MALLOC_H 1
| #define PJ_HAS_NETDB_H 1
| #define PJ_HAS_NETINET_IN_SYSTM_H 1
| #define PJ_HAS_NETINET_IN_H 1
| #define PJ_HAS_NETINET_IP_H 1
| #define PJ_HAS_NETINET_TCP_H 1
| #define PJ_HAS_IFADDRS_H 1
| #define PJ_HAS_SEMAPHORE_H 1
| #define PJ_HAS_SETJMP_H 1
| #define PJ_HAS_STDARG_H 1
| #define PJ_HAS_STDDEF_H 1
| #define PJ_HAS_STDIO_H 1
| #define PJ_HAS_STDINT_H 1
| #define PJ_HAS_STDLIB_H 1
| #define PJ_HAS_STRING_H 1
| #define PJ_HAS_SYS_IOCTL_H 1
| #define PJ_HAS_SYS_SELECT_H 1
| #define PJ_HAS_SYS_SOCKET_H 1
| #define PJ_HAS_SYS_TIME_H 1
| #define PJ_HAS_SYS_TIMEB_H 1
| #define PJ_HAS_SYS_TYPES_H 1
| #define PJ_HAS_SYS_UTSNAME_H 1
| #define PJ_HAS_TIME_H 1
| #define PJ_HAS_UNISTD_H 1
| /* end confdefs.h.  */
| #include <winsock.h>
aconfigure:9569: result: no
aconfigure:9597: checking for winsock.h
aconfigure:9604: result: no
aconfigure:9626: checking winsock2.h usability
aconfigure:9643: gcc -c -O2 -DPJ_IS_BIG_ENDIAN=0 -DPJ_IS_LITTLE_ENDIAN=1  conftest.c >&5
conftest.c:90:22: fatal error: winsock2.h: No such file or directory
compilation terminated.
aconfigure:9649: $? = 1
aconfigure: failed program was:
| /* confdefs.h.  */
| #define PACKAGE_NAME "pjproject"
| #define PACKAGE_TARNAME "pjproject"
| #define PACKAGE_VERSION "1.x"
| #define PACKAGE_STRING "pjproject 1.x"
| #define PACKAGE_BUGREPORT ""
| #define HAVE_LIBPTHREAD 1
| #define HAVE_LIBRT 1
| #define HAVE_LIBNSL 1
| #define PJ_M_NAME "i686"
| #define PJ_POOL_ALIGNMENT 4
| #define STDC_HEADERS 1
| #define HAVE_SYS_TYPES_H 1
| #define HAVE_SYS_STAT_H 1
| #define HAVE_STDLIB_H 1
| #define HAVE_STRING_H 1
| #define HAVE_MEMORY_H 1
| #define HAVE_STRINGS_H 1
| #define HAVE_INTTYPES_H 1
| #define HAVE_STDINT_H 1
| #define HAVE_UNISTD_H 1
| #define PJ_LINUX 1
| #define PJ_HAS_FLOATING_POINT 1
| #define HAVE_LIBM 1
| #define PJ_HAS_ARPA_INET_H 1
| #define PJ_HAS_ASSERT_H 1
| #define PJ_HAS_CTYPE_H 1
| #define PJ_HAS_ERRNO_H 1
| #define PJ_HAS_FCNTL_H 1
| #define PJ_HAS_LINUX_SOCKET_H 1
| #define PJ_HAS_LIMITS_H 1
| #define PJ_HAS_MALLOC_H 1
| #define PJ_HAS_NETDB_H 1
| #define PJ_HAS_NETINET_IN_SYSTM_H 1
| #define PJ_HAS_NETINET_IN_H 1
| #define PJ_HAS_NETINET_IP_H 1
| #define PJ_HAS_NETINET_TCP_H 1
| #define PJ_HAS_IFADDRS_H 1
| #define PJ_HAS_SEMAPHORE_H 1
| #define PJ_HAS_SETJMP_H 1
| #define PJ_HAS_STDARG_H 1
| #define PJ_HAS_STDDEF_H 1
| #define PJ_HAS_STDIO_H 1
| #define PJ_HAS_STDINT_H 1
| #define PJ_HAS_STDLIB_H 1
| #define PJ_HAS_STRING_H 1
| #define PJ_HAS_SYS_IOCTL_H 1
| #define PJ_HAS_SYS_SELECT_H 1
| #define PJ_HAS_SYS_SOCKET_H 1
| #define PJ_HAS_SYS_TIME_H 1
| #define PJ_HAS_SYS_TIMEB_H 1
| #define PJ_HAS_SYS_TYPES_H 1
| #define PJ_HAS_SYS_UTSNAME_H 1
| #define PJ_HAS_TIME_H 1
| #define PJ_HAS_UNISTD_H 1
| /* end confdefs.h.  */
| #include <stdio.h>
| #ifdef HAVE_SYS_TYPES_H
| # include <sys/types.h>
| #endif
| #ifdef HAVE_SYS_STAT_H
| # include <sys/stat.h>
| #endif
| #ifdef STDC_HEADERS
| # include <stdlib.h>
| # include <stddef.h>
| #else
| # ifdef HAVE_STDLIB_H
| #  include <stdlib.h>
| # endif
| #endif
| #ifdef HAVE_STRING_H
| # if !defined STDC_HEADERS && defined HAVE_MEMORY_H
| #  include <memory.h>
| # endif
| # include <string.h>
| #endif
| #ifdef HAVE_STRINGS_H
| # include <strings.h>
| #endif
| #ifdef HAVE_INTTYPES_H
| # include <inttypes.h>
| #endif
| #ifdef HAVE_STDINT_H
| # include <stdint.h>
| #endif
| #ifdef HAVE_UNISTD_H
| # include <unistd.h>
| #endif
| #include <winsock2.h>
aconfigure:9663: result: no
aconfigure:9667: checking winsock2.h presence
aconfigure:9682: gcc -E  conftest.c
conftest.c:57:22: fatal error: winsock2.h: No such file or directory
compilation terminated.
aconfigure:9688: $? = 1
aconfigure: failed program was:
| /* confdefs.h.  */
| #define PACKAGE_NAME "pjproject"
| #define PACKAGE_TARNAME "pjproject"
| #define PACKAGE_VERSION "1.x"
| #define PACKAGE_STRING "pjproject 1.x"
| #define PACKAGE_BUGREPORT ""
| #define HAVE_LIBPTHREAD 1
| #define HAVE_LIBRT 1
| #define HAVE_LIBNSL 1
| #define PJ_M_NAME "i686"
| #define PJ_POOL_ALIGNMENT 4
| #define STDC_HEADERS 1
| #define HAVE_SYS_TYPES_H 1
| #define HAVE_SYS_STAT_H 1
| #define HAVE_STDLIB_H 1
| #define HAVE_STRING_H 1
| #define HAVE_MEMORY_H 1
| #define HAVE_STRINGS_H 1
| #define HAVE_INTTYPES_H 1
| #define HAVE_STDINT_H 1
| #define HAVE_UNISTD_H 1
| #define PJ_LINUX 1
| #define PJ_HAS_FLOATING_POINT 1
| #define HAVE_LIBM 1
| #define PJ_HAS_ARPA_INET_H 1
| #define PJ_HAS_ASSERT_H 1
| #define PJ_HAS_CTYPE_H 1
| #define PJ_HAS_ERRNO_H 1
| #define PJ_HAS_FCNTL_H 1
| #define PJ_HAS_LINUX_SOCKET_H 1
| #define PJ_HAS_LIMITS_H 1
| #define PJ_HAS_MALLOC_H 1
| #define PJ_HAS_NETDB_H 1
| #define PJ_HAS_NETINET_IN_SYSTM_H 1
| #define PJ_HAS_NETINET_IN_H 1
| #define PJ_HAS_NETINET_IP_H 1
| #define PJ_HAS_NETINET_TCP_H 1
| #define PJ_HAS_IFADDRS_H 1
| #define PJ_HAS_SEMAPHORE_H 1
| #define PJ_HAS_SETJMP_H 1
| #define PJ_HAS_STDARG_H 1
| #define PJ_HAS_STDDEF_H 1
| #define PJ_HAS_STDIO_H 1
| #define PJ_HAS_STDINT_H 1
| #define PJ_HAS_STDLIB_H 1
| #define PJ_HAS_STRING_H 1
| #define PJ_HAS_SYS_IOCTL_H 1
| #define PJ_HAS_SYS_SELECT_H 1
| #define PJ_HAS_SYS_SOCKET_H 1
| #define PJ_HAS_SYS_TIME_H 1
| #define PJ_HAS_SYS_TIMEB_H 1
| #define PJ_HAS_SYS_TYPES_H 1
| #define PJ_HAS_SYS_UTSNAME_H 1
| #define PJ_HAS_TIME_H 1
| #define PJ_HAS_UNISTD_H 1
| /* end confdefs.h.  */
| #include <winsock2.h>
aconfigure:9702: result: no
aconfigure:9730: checking for winsock2.h
aconfigure:9737: result: no
aconfigure:9749: checking for mswsock.h
aconfigure:9775: gcc -c -O2 -DPJ_IS_BIG_ENDIAN=0 -DPJ_IS_LITTLE_ENDIAN=1  conftest.c >&5
conftest.c:64:21: fatal error: mswsock.h: No such file or directory
compilation terminated.
aconfigure:9781: $? = 1
aconfigure: failed program was:
| /* confdefs.h.  */
| #define PACKAGE_NAME "pjproject"
| #define PACKAGE_TARNAME "pjproject"
| #define PACKAGE_VERSION "1.x"
| #define PACKAGE_STRING "pjproject 1.x"
| #define PACKAGE_BUGREPORT ""
| #define HAVE_LIBPTHREAD 1
| #define HAVE_LIBRT 1
| #define HAVE_LIBNSL 1
| #define PJ_M_NAME "i686"
| #define PJ_POOL_ALIGNMENT 4
| #define STDC_HEADERS 1
| #define HAVE_SYS_TYPES_H 1
| #define HAVE_SYS_STAT_H 1
| #define HAVE_STDLIB_H 1
| #define HAVE_STRING_H 1
| #define HAVE_MEMORY_H 1
| #define HAVE_STRINGS_H 1
| #define HAVE_INTTYPES_H 1
| #define HAVE_STDINT_H 1
| #define HAVE_UNISTD_H 1
| #define PJ_LINUX 1
| #define PJ_HAS_FLOATING_POINT 1
| #define HAVE_LIBM 1
| #define PJ_HAS_ARPA_INET_H 1
| #define PJ_HAS_ASSERT_H 1
| #define PJ_HAS_CTYPE_H 1
| #define PJ_HAS_ERRNO_H 1
| #define PJ_HAS_FCNTL_H 1
| #define PJ_HAS_LINUX_SOCKET_H 1
| #define PJ_HAS_LIMITS_H 1
| #define PJ_HAS_MALLOC_H 1
| #define PJ_HAS_NETDB_H 1
| #define PJ_HAS_NETINET_IN_SYSTM_H 1
| #define PJ_HAS_NETINET_IN_H 1
| #define PJ_HAS_NETINET_IP_H 1
| #define PJ_HAS_NETINET_TCP_H 1
| #define PJ_HAS_IFADDRS_H 1
| #define PJ_HAS_SEMAPHORE_H 1
| #define PJ_HAS_SETJMP_H 1
| #define PJ_HAS_STDARG_H 1
| #define PJ_HAS_STDDEF_H 1
| #define PJ_HAS_STDIO_H 1
| #define PJ_HAS_STDINT_H 1
| #define PJ_HAS_STDLIB_H 1
| #define PJ_HAS_STRING_H 1
| #define PJ_HAS_SYS_IOCTL_H 1
| #define PJ_HAS_SYS_SELECT_H 1
| #define PJ_HAS_SYS_SOCKET_H 1
| #define PJ_HAS_SYS_TIME_H 1
| #define PJ_HAS_SYS_TIMEB_H 1
| #define PJ_HAS_SYS_TYPES_H 1
| #define PJ_HAS_SYS_UTSNAME_H 1
| #define PJ_HAS_TIME_H 1
| #define PJ_HAS_UNISTD_H 1
| /* end confdefs.h.  */
| #if PJ_HAS_WINSOCK2_H
|           	  #	include <winsock2.h>
| 		  #elif PJ_HAS_WINSOCK_H
|           	  #	include <winsock.h>
|           	  #endif
| 
| 
| #include <mswsock.h>
aconfigure:9796: result: no
aconfigure:9816: checking ws2tcpip.h usability
aconfigure:9833: gcc -c -O2 -DPJ_IS_BIG_ENDIAN=0 -DPJ_IS_LITTLE_ENDIAN=1  conftest.c >&5
conftest.c:90:22: fatal error: ws2tcpip.h: No such file or directory
compilation terminated.
aconfigure:9839: $? = 1
aconfigure: failed program was:
| /* confdefs.h.  */
| #define PACKAGE_NAME "pjproject"
| #define PACKAGE_TARNAME "pjproject"
| #define PACKAGE_VERSION "1.x"
| #define PACKAGE_STRING "pjproject 1.x"
| #define PACKAGE_BUGREPORT ""
| #define HAVE_LIBPTHREAD 1
| #define HAVE_LIBRT 1
| #define HAVE_LIBNSL 1
| #define PJ_M_NAME "i686"
| #define PJ_POOL_ALIGNMENT 4
| #define STDC_HEADERS 1
| #define HAVE_SYS_TYPES_H 1
| #define HAVE_SYS_STAT_H 1
| #define HAVE_STDLIB_H 1
| #define HAVE_STRING_H 1
| #define HAVE_MEMORY_H 1
| #define HAVE_STRINGS_H 1
| #define HAVE_INTTYPES_H 1
| #define HAVE_STDINT_H 1
| #define HAVE_UNISTD_H 1
| #define PJ_LINUX 1
| #define PJ_HAS_FLOATING_POINT 1
| #define HAVE_LIBM 1
| #define PJ_HAS_ARPA_INET_H 1
| #define PJ_HAS_ASSERT_H 1
| #define PJ_HAS_CTYPE_H 1
| #define PJ_HAS_ERRNO_H 1
| #define PJ_HAS_FCNTL_H 1
| #define PJ_HAS_LINUX_SOCKET_H 1
| #define PJ_HAS_LIMITS_H 1
| #define PJ_HAS_MALLOC_H 1
| #define PJ_HAS_NETDB_H 1
| #define PJ_HAS_NETINET_IN_SYSTM_H 1
| #define PJ_HAS_NETINET_IN_H 1
| #define PJ_HAS_NETINET_IP_H 1
| #define PJ_HAS_NETINET_TCP_H 1
| #define PJ_HAS_IFADDRS_H 1
| #define PJ_HAS_SEMAPHORE_H 1
| #define PJ_HAS_SETJMP_H 1
| #define PJ_HAS_STDARG_H 1
| #define PJ_HAS_STDDEF_H 1
| #define PJ_HAS_STDIO_H 1
| #define PJ_HAS_STDINT_H 1
| #define PJ_HAS_STDLIB_H 1
| #define PJ_HAS_STRING_H 1
| #define PJ_HAS_SYS_IOCTL_H 1
| #define PJ_HAS_SYS_SELECT_H 1
| #define PJ_HAS_SYS_SOCKET_H 1
| #define PJ_HAS_SYS_TIME_H 1
| #define PJ_HAS_SYS_TIMEB_H 1
| #define PJ_HAS_SYS_TYPES_H 1
| #define PJ_HAS_SYS_UTSNAME_H 1
| #define PJ_HAS_TIME_H 1
| #define PJ_HAS_UNISTD_H 1
| /* end confdefs.h.  */
| #include <stdio.h>
| #ifdef HAVE_SYS_TYPES_H
| # include <sys/types.h>
| #endif
| #ifdef HAVE_SYS_STAT_H
| # include <sys/stat.h>
| #endif
| #ifdef STDC_HEADERS
| # include <stdlib.h>
| # include <stddef.h>
| #else
| # ifdef HAVE_STDLIB_H
| #  include <stdlib.h>
| # endif
| #endif
| #ifdef HAVE_STRING_H
| # if !defined STDC_HEADERS && defined HAVE_MEMORY_H
| #  include <memory.h>
| # endif
| # include <string.h>
| #endif
| #ifdef HAVE_STRINGS_H
| # include <strings.h>
| #endif
| #ifdef HAVE_INTTYPES_H
| # include <inttypes.h>
| #endif
| #ifdef HAVE_STDINT_H
| # include <stdint.h>
| #endif
| #ifdef HAVE_UNISTD_H
| # include <unistd.h>
| #endif
| #include <ws2tcpip.h>
aconfigure:9853: result: no
aconfigure:9857: checking ws2tcpip.h presence
aconfigure:9872: gcc -E  conftest.c
conftest.c:57:22: fatal error: ws2tcpip.h: No such file or directory
compilation terminated.
aconfigure:9878: $? = 1
aconfigure: failed program was:
| /* confdefs.h.  */
| #define PACKAGE_NAME "pjproject"
| #define PACKAGE_TARNAME "pjproject"
| #define PACKAGE_VERSION "1.x"
| #define PACKAGE_STRING "pjproject 1.x"
| #define PACKAGE_BUGREPORT ""
| #define HAVE_LIBPTHREAD 1
| #define HAVE_LIBRT 1
| #define HAVE_LIBNSL 1
| #define PJ_M_NAME "i686"
| #define PJ_POOL_ALIGNMENT 4
| #define STDC_HEADERS 1
| #define HAVE_SYS_TYPES_H 1
| #define HAVE_SYS_STAT_H 1
| #define HAVE_STDLIB_H 1
| #define HAVE_STRING_H 1
| #define HAVE_MEMORY_H 1
| #define HAVE_STRINGS_H 1
| #define HAVE_INTTYPES_H 1
| #define HAVE_STDINT_H 1
| #define HAVE_UNISTD_H 1
| #define PJ_LINUX 1
| #define PJ_HAS_FLOATING_POINT 1
| #define HAVE_LIBM 1
| #define PJ_HAS_ARPA_INET_H 1
| #define PJ_HAS_ASSERT_H 1
| #define PJ_HAS_CTYPE_H 1
| #define PJ_HAS_ERRNO_H 1
| #define PJ_HAS_FCNTL_H 1
| #define PJ_HAS_LINUX_SOCKET_H 1
| #define PJ_HAS_LIMITS_H 1
| #define PJ_HAS_MALLOC_H 1
| #define PJ_HAS_NETDB_H 1
| #define PJ_HAS_NETINET_IN_SYSTM_H 1
| #define PJ_HAS_NETINET_IN_H 1
| #define PJ_HAS_NETINET_IP_H 1
| #define PJ_HAS_NETINET_TCP_H 1
| #define PJ_HAS_IFADDRS_H 1
| #define PJ_HAS_SEMAPHORE_H 1
| #define PJ_HAS_SETJMP_H 1
| #define PJ_HAS_STDARG_H 1
| #define PJ_HAS_STDDEF_H 1
| #define PJ_HAS_STDIO_H 1
| #define PJ_HAS_STDINT_H 1
| #define PJ_HAS_STDLIB_H 1
| #define PJ_HAS_STRING_H 1
| #define PJ_HAS_SYS_IOCTL_H 1
| #define PJ_HAS_SYS_SELECT_H 1
| #define PJ_HAS_SYS_SOCKET_H 1
| #define PJ_HAS_SYS_TIME_H 1
| #define PJ_HAS_SYS_TIMEB_H 1
| #define PJ_HAS_SYS_TYPES_H 1
| #define PJ_HAS_SYS_UTSNAME_H 1
| #define PJ_HAS_TIME_H 1
| #define PJ_HAS_UNISTD_H 1
| /* end confdefs.h.  */
| #include <ws2tcpip.h>
aconfigure:9892: result: no
aconfigure:9920: checking for ws2tcpip.h
aconfigure:9927: result: no
aconfigure:9949: checking uuid/uuid.h usability
aconfigure:9966: gcc -c -O2 -DPJ_IS_BIG_ENDIAN=0 -DPJ_IS_LITTLE_ENDIAN=1  conftest.c >&5
conftest.c:90:23: fatal error: uuid/uuid.h: No such file or directory
compilation terminated.
aconfigure:9972: $? = 1
aconfigure: failed program was:
| /* confdefs.h.  */
| #define PACKAGE_NAME "pjproject"
| #define PACKAGE_TARNAME "pjproject"
| #define PACKAGE_VERSION "1.x"
| #define PACKAGE_STRING "pjproject 1.x"
| #define PACKAGE_BUGREPORT ""
| #define HAVE_LIBPTHREAD 1
| #define HAVE_LIBRT 1
| #define HAVE_LIBNSL 1
| #define PJ_M_NAME "i686"
| #define PJ_POOL_ALIGNMENT 4
| #define STDC_HEADERS 1
| #define HAVE_SYS_TYPES_H 1
| #define HAVE_SYS_STAT_H 1
| #define HAVE_STDLIB_H 1
| #define HAVE_STRING_H 1
| #define HAVE_MEMORY_H 1
| #define HAVE_STRINGS_H 1
| #define HAVE_INTTYPES_H 1
| #define HAVE_STDINT_H 1
| #define HAVE_UNISTD_H 1
| #define PJ_LINUX 1
| #define PJ_HAS_FLOATING_POINT 1
| #define HAVE_LIBM 1
| #define PJ_HAS_ARPA_INET_H 1
| #define PJ_HAS_ASSERT_H 1
| #define PJ_HAS_CTYPE_H 1
| #define PJ_HAS_ERRNO_H 1
| #define PJ_HAS_FCNTL_H 1
| #define PJ_HAS_LINUX_SOCKET_H 1
| #define PJ_HAS_LIMITS_H 1
| #define PJ_HAS_MALLOC_H 1
| #define PJ_HAS_NETDB_H 1
| #define PJ_HAS_NETINET_IN_SYSTM_H 1
| #define PJ_HAS_NETINET_IN_H 1
| #define PJ_HAS_NETINET_IP_H 1
| #define PJ_HAS_NETINET_TCP_H 1
| #define PJ_HAS_IFADDRS_H 1
| #define PJ_HAS_SEMAPHORE_H 1
| #define PJ_HAS_SETJMP_H 1
| #define PJ_HAS_STDARG_H 1
| #define PJ_HAS_STDDEF_H 1
| #define PJ_HAS_STDIO_H 1
| #define PJ_HAS_STDINT_H 1
| #define PJ_HAS_STDLIB_H 1
| #define PJ_HAS_STRING_H 1
| #define PJ_HAS_SYS_IOCTL_H 1
| #define PJ_HAS_SYS_SELECT_H 1
| #define PJ_HAS_SYS_SOCKET_H 1
| #define PJ_HAS_SYS_TIME_H 1
| #define PJ_HAS_SYS_TIMEB_H 1
| #define PJ_HAS_SYS_TYPES_H 1
| #define PJ_HAS_SYS_UTSNAME_H 1
| #define PJ_HAS_TIME_H 1
| #define PJ_HAS_UNISTD_H 1
| /* end confdefs.h.  */
| #include <stdio.h>
| #ifdef HAVE_SYS_TYPES_H
| # include <sys/types.h>
| #endif
| #ifdef HAVE_SYS_STAT_H
| # include <sys/stat.h>
| #endif
| #ifdef STDC_HEADERS
| # include <stdlib.h>
| # include <stddef.h>
| #else
| # ifdef HAVE_STDLIB_H
| #  include <stdlib.h>
| # endif
| #endif
| #ifdef HAVE_STRING_H
| # if !defined STDC_HEADERS && defined HAVE_MEMORY_H
| #  include <memory.h>
| # endif
| # include <string.h>
| #endif
| #ifdef HAVE_STRINGS_H
| # include <strings.h>
| #endif
| #ifdef HAVE_INTTYPES_H
| # include <inttypes.h>
| #endif
| #ifdef HAVE_STDINT_H
| # include <stdint.h>
| #endif
| #ifdef HAVE_UNISTD_H
| # include <unistd.h>
| #endif
| #include <uuid/uuid.h>
aconfigure:9986: result: no
aconfigure:9990: checking uuid/uuid.h presence
aconfigure:10005: gcc -E  conftest.c
conftest.c:57:23: fatal error: uuid/uuid.h: No such file or directory
compilation terminated.
aconfigure:10011: $? = 1
aconfigure: failed program was:
| /* confdefs.h.  */
| #define PACKAGE_NAME "pjproject"
| #define PACKAGE_TARNAME "pjproject"
| #define PACKAGE_VERSION "1.x"
| #define PACKAGE_STRING "pjproject 1.x"
| #define PACKAGE_BUGREPORT ""
| #define HAVE_LIBPTHREAD 1
| #define HAVE_LIBRT 1
| #define HAVE_LIBNSL 1
| #define PJ_M_NAME "i686"
| #define PJ_POOL_ALIGNMENT 4
| #define STDC_HEADERS 1
| #define HAVE_SYS_TYPES_H 1
| #define HAVE_SYS_STAT_H 1
| #define HAVE_STDLIB_H 1
| #define HAVE_STRING_H 1
| #define HAVE_MEMORY_H 1
| #define HAVE_STRINGS_H 1
| #define HAVE_INTTYPES_H 1
| #define HAVE_STDINT_H 1
| #define HAVE_UNISTD_H 1
| #define PJ_LINUX 1
| #define PJ_HAS_FLOATING_POINT 1
| #define HAVE_LIBM 1
| #define PJ_HAS_ARPA_INET_H 1
| #define PJ_HAS_ASSERT_H 1
| #define PJ_HAS_CTYPE_H 1
| #define PJ_HAS_ERRNO_H 1
| #define PJ_HAS_FCNTL_H 1
| #define PJ_HAS_LINUX_SOCKET_H 1
| #define PJ_HAS_LIMITS_H 1
| #define PJ_HAS_MALLOC_H 1
| #define PJ_HAS_NETDB_H 1
| #define PJ_HAS_NETINET_IN_SYSTM_H 1
| #define PJ_HAS_NETINET_IN_H 1
| #define PJ_HAS_NETINET_IP_H 1
| #define PJ_HAS_NETINET_TCP_H 1
| #define PJ_HAS_IFADDRS_H 1
| #define PJ_HAS_SEMAPHORE_H 1
| #define PJ_HAS_SETJMP_H 1
| #define PJ_HAS_STDARG_H 1
| #define PJ_HAS_STDDEF_H 1
| #define PJ_HAS_STDIO_H 1
| #define PJ_HAS_STDINT_H 1
| #define PJ_HAS_STDLIB_H 1
| #define PJ_HAS_STRING_H 1
| #define PJ_HAS_SYS_IOCTL_H 1
| #define PJ_HAS_SYS_SELECT_H 1
| #define PJ_HAS_SYS_SOCKET_H 1
| #define PJ_HAS_SYS_TIME_H 1
| #define PJ_HAS_SYS_TIMEB_H 1
| #define PJ_HAS_SYS_TYPES_H 1
| #define PJ_HAS_SYS_UTSNAME_H 1
| #define PJ_HAS_TIME_H 1
| #define PJ_HAS_UNISTD_H 1
| /* end confdefs.h.  */
| #include <uuid/uuid.h>
aconfigure:10025: result: no
aconfigure:10053: checking for uuid/uuid.h
aconfigure:10060: result: no
aconfigure:10069: checking for net/if.h
aconfigure:10097: gcc -c -O2 -DPJ_IS_BIG_ENDIAN=0 -DPJ_IS_LITTLE_ENDIAN=1  conftest.c >&5
aconfigure:10103: $? = 0
aconfigure:10118: result: yes
aconfigure:10128: result: Setting PJ_OS_NAME to i686-pc-linux-gnu
aconfigure:10135: result: Setting PJ_HAS_ERRNO_VAR to 1
aconfigure:10142: result: Setting PJ_HAS_HIGH_RES_TIMER to 1
aconfigure:10149: result: Setting PJ_HAS_MALLOC to 1
aconfigure:10156: result: Setting PJ_NATIVE_STRING_IS_UNICODE to 0
aconfigure:10163: result: Setting PJ_ATOMIC_VALUE_TYPE to long
aconfigure:10170: checking if inet_aton() is available
aconfigure:10195: gcc -c -O2 -DPJ_IS_BIG_ENDIAN=0 -DPJ_IS_LITTLE_ENDIAN=1  conftest.c >&5
aconfigure:10201: $? = 0
aconfigure:10210: result: yes
aconfigure:10222: checking if inet_pton() is available
aconfigure:10247: gcc -c -O2 -DPJ_IS_BIG_ENDIAN=0 -DPJ_IS_LITTLE_ENDIAN=1  conftest.c >&5
aconfigure:10253: $? = 0
aconfigure:10262: result: yes
aconfigure:10274: checking if inet_ntop() is available
aconfigure:10299: gcc -c -O2 -DPJ_IS_BIG_ENDIAN=0 -DPJ_IS_LITTLE_ENDIAN=1  conftest.c >&5
aconfigure:10305: $? = 0
aconfigure:10314: result: yes
aconfigure:10326: checking if getaddrinfo() is available
aconfigure:10351: gcc -c -O2 -DPJ_IS_BIG_ENDIAN=0 -DPJ_IS_LITTLE_ENDIAN=1  conftest.c >&5
aconfigure:10357: $? = 0
aconfigure:10366: result: yes
aconfigure:10378: checking if sockaddr_in has sin_len member
aconfigure:10404: gcc -c -O2 -DPJ_IS_BIG_ENDIAN=0 -DPJ_IS_LITTLE_ENDIAN=1  conftest.c >&5
conftest.c: In function 'main':
conftest.c:75:24: error: 'struct sockaddr_in' has no member named 'sin_len'
aconfigure:10410: $? = 1
aconfigure: failed program was:
| /* confdefs.h.  */
| #define PACKAGE_NAME "pjproject"
| #define PACKAGE_TARNAME "pjproject"
| #define PACKAGE_VERSION "1.x"
| #define PACKAGE_STRING "pjproject 1.x"
| #define PACKAGE_BUGREPORT ""
| #define HAVE_LIBPTHREAD 1
| #define HAVE_LIBRT 1
| #define HAVE_LIBNSL 1
| #define PJ_M_NAME "i686"
| #define PJ_POOL_ALIGNMENT 4
| #define STDC_HEADERS 1
| #define HAVE_SYS_TYPES_H 1
| #define HAVE_SYS_STAT_H 1
| #define HAVE_STDLIB_H 1
| #define HAVE_STRING_H 1
| #define HAVE_MEMORY_H 1
| #define HAVE_STRINGS_H 1
| #define HAVE_INTTYPES_H 1
| #define HAVE_STDINT_H 1
| #define HAVE_UNISTD_H 1
| #define PJ_LINUX 1
| #define PJ_HAS_FLOATING_POINT 1
| #define HAVE_LIBM 1
| #define PJ_HAS_ARPA_INET_H 1
| #define PJ_HAS_ASSERT_H 1
| #define PJ_HAS_CTYPE_H 1
| #define PJ_HAS_ERRNO_H 1
| #define PJ_HAS_FCNTL_H 1
| #define PJ_HAS_LINUX_SOCKET_H 1
| #define PJ_HAS_LIMITS_H 1
| #define PJ_HAS_MALLOC_H 1
| #define PJ_HAS_NETDB_H 1
| #define PJ_HAS_NETINET_IN_SYSTM_H 1
| #define PJ_HAS_NETINET_IN_H 1
| #define PJ_HAS_NETINET_IP_H 1
| #define PJ_HAS_NETINET_TCP_H 1
| #define PJ_HAS_IFADDRS_H 1
| #define PJ_HAS_SEMAPHORE_H 1
| #define PJ_HAS_SETJMP_H 1
| #define PJ_HAS_STDARG_H 1
| #define PJ_HAS_STDDEF_H 1
| #define PJ_HAS_STDIO_H 1
| #define PJ_HAS_STDINT_H 1
| #define PJ_HAS_STDLIB_H 1
| #define PJ_HAS_STRING_H 1
| #define PJ_HAS_SYS_IOCTL_H 1
| #define PJ_HAS_SYS_SELECT_H 1
| #define PJ_HAS_SYS_SOCKET_H 1
| #define PJ_HAS_SYS_TIME_H 1
| #define PJ_HAS_SYS_TIMEB_H 1
| #define PJ_HAS_SYS_TYPES_H 1
| #define PJ_HAS_SYS_UTSNAME_H 1
| #define PJ_HAS_TIME_H 1
| #define PJ_HAS_UNISTD_H 1
| #define PJ_HAS_NET_IF_H 1
| #define PJ_OS_NAME "i686-pc-linux-gnu"
| #define PJ_HAS_ERRNO_VAR 1
| #define PJ_HAS_HIGH_RES_TIMER 1
| #define PJ_HAS_MALLOC 1
| #define PJ_NATIVE_STRING_IS_UNICODE 0
| #define PJ_ATOMIC_VALUE_TYPE long
| #define PJ_SOCK_HAS_INET_ATON 1
| #define PJ_SOCK_HAS_INET_PTON 1
| #define PJ_SOCK_HAS_INET_NTOP 1
| #define PJ_SOCK_HAS_GETADDRINFO 1
| /* end confdefs.h.  */
| #include <sys/types.h>
| 				     #include <sys/socket.h>
| 		    		     #include <netinet/in.h>
| 		    		     #include <arpa/inet.h>
| int
| main ()
| {
| struct sockaddr_in a; a.sin_len=0;
|   ;
|   return 0;
| }
aconfigure:10425: result: no
aconfigure:10431: checking if socklen_t is available
aconfigure:10455: gcc -c -O2 -DPJ_IS_BIG_ENDIAN=0 -DPJ_IS_LITTLE_ENDIAN=1  conftest.c >&5
aconfigure:10461: $? = 0
aconfigure:10470: result: yes
aconfigure:10482: checking if SO_ERROR is available
aconfigure:10518: gcc -c -O2 -DPJ_IS_BIG_ENDIAN=0 -DPJ_IS_LITTLE_ENDIAN=1  conftest.c >&5
aconfigure:10524: $? = 0
aconfigure:10533: result: yes
aconfigure:10548: checking if pthread_rwlock_t is available
aconfigure:10571: gcc -c -O2 -DPJ_IS_BIG_ENDIAN=0 -DPJ_IS_LITTLE_ENDIAN=1  conftest.c >&5
aconfigure:10577: $? = 0
aconfigure:10587: result: yes
aconfigure:10662: checking if pthread_mutexattr_settype() is available
aconfigure:10685: gcc -c -O2 -DPJ_IS_BIG_ENDIAN=0 -DPJ_IS_LITTLE_ENDIAN=1  conftest.c >&5
conftest.c: In function 'main':
conftest.c:75:29: error: 'PTHREAD_MUTEX_FAST_NP' undeclared (first use in this function)
conftest.c:75:29: note: each undeclared identifier is reported only once for each function it appears in
aconfigure:10691: $? = 1
aconfigure: failed program was:
| /* confdefs.h.  */
| #define PACKAGE_NAME "pjproject"
| #define PACKAGE_TARNAME "pjproject"
| #define PACKAGE_VERSION "1.x"
| #define PACKAGE_STRING "pjproject 1.x"
| #define PACKAGE_BUGREPORT ""
| #define HAVE_LIBPTHREAD 1
| #define HAVE_LIBRT 1
| #define HAVE_LIBNSL 1
| #define PJ_M_NAME "i686"
| #define PJ_POOL_ALIGNMENT 4
| #define STDC_HEADERS 1
| #define HAVE_SYS_TYPES_H 1
| #define HAVE_SYS_STAT_H 1
| #define HAVE_STDLIB_H 1
| #define HAVE_STRING_H 1
| #define HAVE_MEMORY_H 1
| #define HAVE_STRINGS_H 1
| #define HAVE_INTTYPES_H 1
| #define HAVE_STDINT_H 1
| #define HAVE_UNISTD_H 1
| #define PJ_LINUX 1
| #define PJ_HAS_FLOATING_POINT 1
| #define HAVE_LIBM 1
| #define PJ_HAS_ARPA_INET_H 1
| #define PJ_HAS_ASSERT_H 1
| #define PJ_HAS_CTYPE_H 1
| #define PJ_HAS_ERRNO_H 1
| #define PJ_HAS_FCNTL_H 1
| #define PJ_HAS_LINUX_SOCKET_H 1
| #define PJ_HAS_LIMITS_H 1
| #define PJ_HAS_MALLOC_H 1
| #define PJ_HAS_NETDB_H 1
| #define PJ_HAS_NETINET_IN_SYSTM_H 1
| #define PJ_HAS_NETINET_IN_H 1
| #define PJ_HAS_NETINET_IP_H 1
| #define PJ_HAS_NETINET_TCP_H 1
| #define PJ_HAS_IFADDRS_H 1
| #define PJ_HAS_SEMAPHORE_H 1
| #define PJ_HAS_SETJMP_H 1
| #define PJ_HAS_STDARG_H 1
| #define PJ_HAS_STDDEF_H 1
| #define PJ_HAS_STDIO_H 1
| #define PJ_HAS_STDINT_H 1
| #define PJ_HAS_STDLIB_H 1
| #define PJ_HAS_STRING_H 1
| #define PJ_HAS_SYS_IOCTL_H 1
| #define PJ_HAS_SYS_SELECT_H 1
| #define PJ_HAS_SYS_SOCKET_H 1
| #define PJ_HAS_SYS_TIME_H 1
| #define PJ_HAS_SYS_TIMEB_H 1
| #define PJ_HAS_SYS_TYPES_H 1
| #define PJ_HAS_SYS_UTSNAME_H 1
| #define PJ_HAS_TIME_H 1
| #define PJ_HAS_UNISTD_H 1
| #define PJ_HAS_NET_IF_H 1
| #define PJ_OS_NAME "i686-pc-linux-gnu"
| #define PJ_HAS_ERRNO_VAR 1
| #define PJ_HAS_HIGH_RES_TIMER 1
| #define PJ_HAS_MALLOC 1
| #define PJ_NATIVE_STRING_IS_UNICODE 0
| #define PJ_ATOMIC_VALUE_TYPE long
| #define PJ_SOCK_HAS_INET_ATON 1
| #define PJ_SOCK_HAS_INET_PTON 1
| #define PJ_SOCK_HAS_INET_NTOP 1
| #define PJ_SOCK_HAS_GETADDRINFO 1
| #define PJ_HAS_SOCKLEN_T 1
| #define PJ_HAS_SO_ERROR 1
| #define PJ_EMULATE_RWMUTEX 0
| /* end confdefs.h.  */
| #include <pthread.h>
| int
| main ()
| {
| pthread_mutexattr_settype(0,PTHREAD_MUTEX_FAST_NP);
|   ;
|   return 0;
| }
aconfigure:10706: result: no
aconfigure:10712: checking if pthread_mutexattr_t has recursive member
aconfigure:10736: gcc -c -O2 -DPJ_IS_BIG_ENDIAN=0 -DPJ_IS_LITTLE_ENDIAN=1  conftest.c >&5
conftest.c: In function 'main':
conftest.c:76:14: error: 'pthread_mutexattr_t' has no member named 'recursive'
aconfigure:10742: $? = 1
aconfigure: failed program was:
| /* confdefs.h.  */
| #define PACKAGE_NAME "pjproject"
| #define PACKAGE_TARNAME "pjproject"
| #define PACKAGE_VERSION "1.x"
| #define PACKAGE_STRING "pjproject 1.x"
| #define PACKAGE_BUGREPORT ""
| #define HAVE_LIBPTHREAD 1
| #define HAVE_LIBRT 1
| #define HAVE_LIBNSL 1
| #define PJ_M_NAME "i686"
| #define PJ_POOL_ALIGNMENT 4
| #define STDC_HEADERS 1
| #define HAVE_SYS_TYPES_H 1
| #define HAVE_SYS_STAT_H 1
| #define HAVE_STDLIB_H 1
| #define HAVE_STRING_H 1
| #define HAVE_MEMORY_H 1
| #define HAVE_STRINGS_H 1
| #define HAVE_INTTYPES_H 1
| #define HAVE_STDINT_H 1
| #define HAVE_UNISTD_H 1
| #define PJ_LINUX 1
| #define PJ_HAS_FLOATING_POINT 1
| #define HAVE_LIBM 1
| #define PJ_HAS_ARPA_INET_H 1
| #define PJ_HAS_ASSERT_H 1
| #define PJ_HAS_CTYPE_H 1
| #define PJ_HAS_ERRNO_H 1
| #define PJ_HAS_FCNTL_H 1
| #define PJ_HAS_LINUX_SOCKET_H 1
| #define PJ_HAS_LIMITS_H 1
| #define PJ_HAS_MALLOC_H 1
| #define PJ_HAS_NETDB_H 1
| #define PJ_HAS_NETINET_IN_SYSTM_H 1
| #define PJ_HAS_NETINET_IN_H 1
| #define PJ_HAS_NETINET_IP_H 1
| #define PJ_HAS_NETINET_TCP_H 1
| #define PJ_HAS_IFADDRS_H 1
| #define PJ_HAS_SEMAPHORE_H 1
| #define PJ_HAS_SETJMP_H 1
| #define PJ_HAS_STDARG_H 1
| #define PJ_HAS_STDDEF_H 1
| #define PJ_HAS_STDIO_H 1
| #define PJ_HAS_STDINT_H 1
| #define PJ_HAS_STDLIB_H 1
| #define PJ_HAS_STRING_H 1
| #define PJ_HAS_SYS_IOCTL_H 1
| #define PJ_HAS_SYS_SELECT_H 1
| #define PJ_HAS_SYS_SOCKET_H 1
| #define PJ_HAS_SYS_TIME_H 1
| #define PJ_HAS_SYS_TIMEB_H 1
| #define PJ_HAS_SYS_TYPES_H 1
| #define PJ_HAS_SYS_UTSNAME_H 1
| #define PJ_HAS_TIME_H 1
| #define PJ_HAS_UNISTD_H 1
| #define PJ_HAS_NET_IF_H 1
| #define PJ_OS_NAME "i686-pc-linux-gnu"
| #define PJ_HAS_ERRNO_VAR 1
| #define PJ_HAS_HIGH_RES_TIMER 1
| #define PJ_HAS_MALLOC 1
| #define PJ_NATIVE_STRING_IS_UNICODE 0
| #define PJ_ATOMIC_VALUE_TYPE long
| #define PJ_SOCK_HAS_INET_ATON 1
| #define PJ_SOCK_HAS_INET_PTON 1
| #define PJ_SOCK_HAS_INET_NTOP 1
| #define PJ_SOCK_HAS_GETADDRINFO 1
| #define PJ_HAS_SOCKLEN_T 1
| #define PJ_HAS_SO_ERROR 1
| #define PJ_EMULATE_RWMUTEX 0
| /* end confdefs.h.  */
| #include <pthread.h>
| int
| main ()
| {
| pthread_mutexattr_t attr;
| 				     attr.recursive=1;
|   ;
|   return 0;
| }
aconfigure:10757: result: no
aconfigure:10764: checking ioqueue backend
aconfigure:10776: result: select()
aconfigure:11092: checking sys/soundcard.h usability
aconfigure:11109: gcc -c -O2 -DPJ_IS_BIG_ENDIAN=0 -DPJ_IS_LITTLE_ENDIAN=1  conftest.c >&5
aconfigure:11115: $? = 0
aconfigure:11129: result: yes
aconfigure:11133: checking sys/soundcard.h presence
aconfigure:11148: gcc -E  conftest.c
aconfigure:11154: $? = 0
aconfigure:11168: result: yes
aconfigure:11196: checking for sys/soundcard.h
aconfigure:11203: result: yes
aconfigure:11222: checking linux/soundcard.h usability
aconfigure:11239: gcc -c -O2 -DPJ_IS_BIG_ENDIAN=0 -DPJ_IS_LITTLE_ENDIAN=1  conftest.c >&5
aconfigure:11245: $? = 0
aconfigure:11259: result: yes
aconfigure:11263: checking linux/soundcard.h presence
aconfigure:11278: gcc -E  conftest.c
aconfigure:11284: $? = 0
aconfigure:11298: result: yes
aconfigure:11326: checking for linux/soundcard.h
aconfigure:11333: result: yes
aconfigure:11352: checking machine/soundcard.h usability
aconfigure:11369: gcc -c -O2 -DPJ_IS_BIG_ENDIAN=0 -DPJ_IS_LITTLE_ENDIAN=1  conftest.c >&5
conftest.c:104:31: fatal error: machine/soundcard.h: No such file or directory
compilation terminated.
aconfigure:11375: $? = 1
aconfigure: failed program was:
| /* confdefs.h.  */
| #define PACKAGE_NAME "pjproject"
| #define PACKAGE_TARNAME "pjproject"
| #define PACKAGE_VERSION "1.x"
| #define PACKAGE_STRING "pjproject 1.x"
| #define PACKAGE_BUGREPORT ""
| #define HAVE_LIBPTHREAD 1
| #define HAVE_LIBRT 1
| #define HAVE_LIBNSL 1
| #define PJ_M_NAME "i686"
| #define PJ_POOL_ALIGNMENT 4
| #define STDC_HEADERS 1
| #define HAVE_SYS_TYPES_H 1
| #define HAVE_SYS_STAT_H 1
| #define HAVE_STDLIB_H 1
| #define HAVE_STRING_H 1
| #define HAVE_MEMORY_H 1
| #define HAVE_STRINGS_H 1
| #define HAVE_INTTYPES_H 1
| #define HAVE_STDINT_H 1
| #define HAVE_UNISTD_H 1
| #define PJ_LINUX 1
| #define PJ_HAS_FLOATING_POINT 1
| #define HAVE_LIBM 1
| #define PJ_HAS_ARPA_INET_H 1
| #define PJ_HAS_ASSERT_H 1
| #define PJ_HAS_CTYPE_H 1
| #define PJ_HAS_ERRNO_H 1
| #define PJ_HAS_FCNTL_H 1
| #define PJ_HAS_LINUX_SOCKET_H 1
| #define PJ_HAS_LIMITS_H 1
| #define PJ_HAS_MALLOC_H 1
| #define PJ_HAS_NETDB_H 1
| #define PJ_HAS_NETINET_IN_SYSTM_H 1
| #define PJ_HAS_NETINET_IN_H 1
| #define PJ_HAS_NETINET_IP_H 1
| #define PJ_HAS_NETINET_TCP_H 1
| #define PJ_HAS_IFADDRS_H 1
| #define PJ_HAS_SEMAPHORE_H 1
| #define PJ_HAS_SETJMP_H 1
| #define PJ_HAS_STDARG_H 1
| #define PJ_HAS_STDDEF_H 1
| #define PJ_HAS_STDIO_H 1
| #define PJ_HAS_STDINT_H 1
| #define PJ_HAS_STDLIB_H 1
| #define PJ_HAS_STRING_H 1
| #define PJ_HAS_SYS_IOCTL_H 1
| #define PJ_HAS_SYS_SELECT_H 1
| #define PJ_HAS_SYS_SOCKET_H 1
| #define PJ_HAS_SYS_TIME_H 1
| #define PJ_HAS_SYS_TIMEB_H 1
| #define PJ_HAS_SYS_TYPES_H 1
| #define PJ_HAS_SYS_UTSNAME_H 1
| #define PJ_HAS_TIME_H 1
| #define PJ_HAS_UNISTD_H 1
| #define PJ_HAS_NET_IF_H 1
| #define PJ_OS_NAME "i686-pc-linux-gnu"
| #define PJ_HAS_ERRNO_VAR 1
| #define PJ_HAS_HIGH_RES_TIMER 1
| #define PJ_HAS_MALLOC 1
| #define PJ_NATIVE_STRING_IS_UNICODE 0
| #define PJ_ATOMIC_VALUE_TYPE long
| #define PJ_SOCK_HAS_INET_ATON 1
| #define PJ_SOCK_HAS_INET_PTON 1
| #define PJ_SOCK_HAS_INET_NTOP 1
| #define PJ_SOCK_HAS_GETADDRINFO 1
| #define PJ_HAS_SOCKLEN_T 1
| #define PJ_HAS_SO_ERROR 1
| #define PJ_EMULATE_RWMUTEX 0
| /* end confdefs.h.  */
| #include <stdio.h>
| #ifdef HAVE_SYS_TYPES_H
| # include <sys/types.h>
| #endif
| #ifdef HAVE_SYS_STAT_H
| # include <sys/stat.h>
| #endif
| #ifdef STDC_HEADERS
| # include <stdlib.h>
| # include <stddef.h>
| #else
| # ifdef HAVE_STDLIB_H
| #  include <stdlib.h>
| # endif
| #endif
| #ifdef HAVE_STRING_H
| # if !defined STDC_HEADERS && defined HAVE_MEMORY_H
| #  include <memory.h>
| # endif
| # include <string.h>
| #endif
| #ifdef HAVE_STRINGS_H
| # include <strings.h>
| #endif
| #ifdef HAVE_INTTYPES_H
| # include <inttypes.h>
| #endif
| #ifdef HAVE_STDINT_H
| # include <stdint.h>
| #endif
| #ifdef HAVE_UNISTD_H
| # include <unistd.h>
| #endif
| #include <machine/soundcard.h>
aconfigure:11389: result: no
aconfigure:11393: checking machine/soundcard.h presence
aconfigure:11408: gcc -E  conftest.c
conftest.c:71:31: fatal error: machine/soundcard.h: No such file or directory
compilation terminated.
aconfigure:11414: $? = 1
aconfigure: failed program was:
| /* confdefs.h.  */
| #define PACKAGE_NAME "pjproject"
| #define PACKAGE_TARNAME "pjproject"
| #define PACKAGE_VERSION "1.x"
| #define PACKAGE_STRING "pjproject 1.x"
| #define PACKAGE_BUGREPORT ""
| #define HAVE_LIBPTHREAD 1
| #define HAVE_LIBRT 1
| #define HAVE_LIBNSL 1
| #define PJ_M_NAME "i686"
| #define PJ_POOL_ALIGNMENT 4
| #define STDC_HEADERS 1
| #define HAVE_SYS_TYPES_H 1
| #define HAVE_SYS_STAT_H 1
| #define HAVE_STDLIB_H 1
| #define HAVE_STRING_H 1
| #define HAVE_MEMORY_H 1
| #define HAVE_STRINGS_H 1
| #define HAVE_INTTYPES_H 1
| #define HAVE_STDINT_H 1
| #define HAVE_UNISTD_H 1
| #define PJ_LINUX 1
| #define PJ_HAS_FLOATING_POINT 1
| #define HAVE_LIBM 1
| #define PJ_HAS_ARPA_INET_H 1
| #define PJ_HAS_ASSERT_H 1
| #define PJ_HAS_CTYPE_H 1
| #define PJ_HAS_ERRNO_H 1
| #define PJ_HAS_FCNTL_H 1
| #define PJ_HAS_LINUX_SOCKET_H 1
| #define PJ_HAS_LIMITS_H 1
| #define PJ_HAS_MALLOC_H 1
| #define PJ_HAS_NETDB_H 1
| #define PJ_HAS_NETINET_IN_SYSTM_H 1
| #define PJ_HAS_NETINET_IN_H 1
| #define PJ_HAS_NETINET_IP_H 1
| #define PJ_HAS_NETINET_TCP_H 1
| #define PJ_HAS_IFADDRS_H 1
| #define PJ_HAS_SEMAPHORE_H 1
| #define PJ_HAS_SETJMP_H 1
| #define PJ_HAS_STDARG_H 1
| #define PJ_HAS_STDDEF_H 1
| #define PJ_HAS_STDIO_H 1
| #define PJ_HAS_STDINT_H 1
| #define PJ_HAS_STDLIB_H 1
| #define PJ_HAS_STRING_H 1
| #define PJ_HAS_SYS_IOCTL_H 1
| #define PJ_HAS_SYS_SELECT_H 1
| #define PJ_HAS_SYS_SOCKET_H 1
| #define PJ_HAS_SYS_TIME_H 1
| #define PJ_HAS_SYS_TIMEB_H 1
| #define PJ_HAS_SYS_TYPES_H 1
| #define PJ_HAS_SYS_UTSNAME_H 1
| #define PJ_HAS_TIME_H 1
| #define PJ_HAS_UNISTD_H 1
| #define PJ_HAS_NET_IF_H 1
| #define PJ_OS_NAME "i686-pc-linux-gnu"
| #define PJ_HAS_ERRNO_VAR 1
| #define PJ_HAS_HIGH_RES_TIMER 1
| #define PJ_HAS_MALLOC 1
| #define PJ_NATIVE_STRING_IS_UNICODE 0
| #define PJ_ATOMIC_VALUE_TYPE long
| #define PJ_SOCK_HAS_INET_ATON 1
| #define PJ_SOCK_HAS_INET_PTON 1
| #define PJ_SOCK_HAS_INET_NTOP 1
| #define PJ_SOCK_HAS_GETADDRINFO 1
| #define PJ_HAS_SOCKLEN_T 1
| #define PJ_HAS_SO_ERROR 1
| #define PJ_EMULATE_RWMUTEX 0
| /* end confdefs.h.  */
| #include <machine/soundcard.h>
aconfigure:11428: result: no
aconfigure:11456: checking for machine/soundcard.h
aconfigure:11463: result: no
aconfigure:11524: checking alsa/version.h usability
aconfigure:11541: gcc -c -O2 -DPJ_IS_BIG_ENDIAN=0 -DPJ_IS_LITTLE_ENDIAN=1  conftest.c >&5
conftest.c:104:26: fatal error: alsa/version.h: No such file or directory
compilation terminated.
aconfigure:11547: $? = 1
aconfigure: failed program was:
| /* confdefs.h.  */
| #define PACKAGE_NAME "pjproject"
| #define PACKAGE_TARNAME "pjproject"
| #define PACKAGE_VERSION "1.x"
| #define PACKAGE_STRING "pjproject 1.x"
| #define PACKAGE_BUGREPORT ""
| #define HAVE_LIBPTHREAD 1
| #define HAVE_LIBRT 1
| #define HAVE_LIBNSL 1
| #define PJ_M_NAME "i686"
| #define PJ_POOL_ALIGNMENT 4
| #define STDC_HEADERS 1
| #define HAVE_SYS_TYPES_H 1
| #define HAVE_SYS_STAT_H 1
| #define HAVE_STDLIB_H 1
| #define HAVE_STRING_H 1
| #define HAVE_MEMORY_H 1
| #define HAVE_STRINGS_H 1
| #define HAVE_INTTYPES_H 1
| #define HAVE_STDINT_H 1
| #define HAVE_UNISTD_H 1
| #define PJ_LINUX 1
| #define PJ_HAS_FLOATING_POINT 1
| #define HAVE_LIBM 1
| #define PJ_HAS_ARPA_INET_H 1
| #define PJ_HAS_ASSERT_H 1
| #define PJ_HAS_CTYPE_H 1
| #define PJ_HAS_ERRNO_H 1
| #define PJ_HAS_FCNTL_H 1
| #define PJ_HAS_LINUX_SOCKET_H 1
| #define PJ_HAS_LIMITS_H 1
| #define PJ_HAS_MALLOC_H 1
| #define PJ_HAS_NETDB_H 1
| #define PJ_HAS_NETINET_IN_SYSTM_H 1
| #define PJ_HAS_NETINET_IN_H 1
| #define PJ_HAS_NETINET_IP_H 1
| #define PJ_HAS_NETINET_TCP_H 1
| #define PJ_HAS_IFADDRS_H 1
| #define PJ_HAS_SEMAPHORE_H 1
| #define PJ_HAS_SETJMP_H 1
| #define PJ_HAS_STDARG_H 1
| #define PJ_HAS_STDDEF_H 1
| #define PJ_HAS_STDIO_H 1
| #define PJ_HAS_STDINT_H 1
| #define PJ_HAS_STDLIB_H 1
| #define PJ_HAS_STRING_H 1
| #define PJ_HAS_SYS_IOCTL_H 1
| #define PJ_HAS_SYS_SELECT_H 1
| #define PJ_HAS_SYS_SOCKET_H 1
| #define PJ_HAS_SYS_TIME_H 1
| #define PJ_HAS_SYS_TIMEB_H 1
| #define PJ_HAS_SYS_TYPES_H 1
| #define PJ_HAS_SYS_UTSNAME_H 1
| #define PJ_HAS_TIME_H 1
| #define PJ_HAS_UNISTD_H 1
| #define PJ_HAS_NET_IF_H 1
| #define PJ_OS_NAME "i686-pc-linux-gnu"
| #define PJ_HAS_ERRNO_VAR 1
| #define PJ_HAS_HIGH_RES_TIMER 1
| #define PJ_HAS_MALLOC 1
| #define PJ_NATIVE_STRING_IS_UNICODE 0
| #define PJ_ATOMIC_VALUE_TYPE long
| #define PJ_SOCK_HAS_INET_ATON 1
| #define PJ_SOCK_HAS_INET_PTON 1
| #define PJ_SOCK_HAS_INET_NTOP 1
| #define PJ_SOCK_HAS_GETADDRINFO 1
| #define PJ_HAS_SOCKLEN_T 1
| #define PJ_HAS_SO_ERROR 1
| #define PJ_EMULATE_RWMUTEX 0
| /* end confdefs.h.  */
| #include <stdio.h>
| #ifdef HAVE_SYS_TYPES_H
| # include <sys/types.h>
| #endif
| #ifdef HAVE_SYS_STAT_H
| # include <sys/stat.h>
| #endif
| #ifdef STDC_HEADERS
| # include <stdlib.h>
| # include <stddef.h>
| #else
| # ifdef HAVE_STDLIB_H
| #  include <stdlib.h>
| # endif
| #endif
| #ifdef HAVE_STRING_H
| # if !defined STDC_HEADERS && defined HAVE_MEMORY_H
| #  include <memory.h>
| # endif
| # include <string.h>
| #endif
| #ifdef HAVE_STRINGS_H
| # include <strings.h>
| #endif
| #ifdef HAVE_INTTYPES_H
| # include <inttypes.h>
| #endif
| #ifdef HAVE_STDINT_H
| # include <stdint.h>
| #endif
| #ifdef HAVE_UNISTD_H
| # include <unistd.h>
| #endif
| #include <alsa/version.h>
aconfigure:11561: result: no
aconfigure:11565: checking alsa/version.h presence
aconfigure:11580: gcc -E  conftest.c
conftest.c:71:26: fatal error: alsa/version.h: No such file or directory
compilation terminated.
aconfigure:11586: $? = 1
aconfigure: failed program was:
| /* confdefs.h.  */
| #define PACKAGE_NAME "pjproject"
| #define PACKAGE_TARNAME "pjproject"
| #define PACKAGE_VERSION "1.x"
| #define PACKAGE_STRING "pjproject 1.x"
| #define PACKAGE_BUGREPORT ""
| #define HAVE_LIBPTHREAD 1
| #define HAVE_LIBRT 1
| #define HAVE_LIBNSL 1
| #define PJ_M_NAME "i686"
| #define PJ_POOL_ALIGNMENT 4
| #define STDC_HEADERS 1
| #define HAVE_SYS_TYPES_H 1
| #define HAVE_SYS_STAT_H 1
| #define HAVE_STDLIB_H 1
| #define HAVE_STRING_H 1
| #define HAVE_MEMORY_H 1
| #define HAVE_STRINGS_H 1
| #define HAVE_INTTYPES_H 1
| #define HAVE_STDINT_H 1
| #define HAVE_UNISTD_H 1
| #define PJ_LINUX 1
| #define PJ_HAS_FLOATING_POINT 1
| #define HAVE_LIBM 1
| #define PJ_HAS_ARPA_INET_H 1
| #define PJ_HAS_ASSERT_H 1
| #define PJ_HAS_CTYPE_H 1
| #define PJ_HAS_ERRNO_H 1
| #define PJ_HAS_FCNTL_H 1
| #define PJ_HAS_LINUX_SOCKET_H 1
| #define PJ_HAS_LIMITS_H 1
| #define PJ_HAS_MALLOC_H 1
| #define PJ_HAS_NETDB_H 1
| #define PJ_HAS_NETINET_IN_SYSTM_H 1
| #define PJ_HAS_NETINET_IN_H 1
| #define PJ_HAS_NETINET_IP_H 1
| #define PJ_HAS_NETINET_TCP_H 1
| #define PJ_HAS_IFADDRS_H 1
| #define PJ_HAS_SEMAPHORE_H 1
| #define PJ_HAS_SETJMP_H 1
| #define PJ_HAS_STDARG_H 1
| #define PJ_HAS_STDDEF_H 1
| #define PJ_HAS_STDIO_H 1
| #define PJ_HAS_STDINT_H 1
| #define PJ_HAS_STDLIB_H 1
| #define PJ_HAS_STRING_H 1
| #define PJ_HAS_SYS_IOCTL_H 1
| #define PJ_HAS_SYS_SELECT_H 1
| #define PJ_HAS_SYS_SOCKET_H 1
| #define PJ_HAS_SYS_TIME_H 1
| #define PJ_HAS_SYS_TIMEB_H 1
| #define PJ_HAS_SYS_TYPES_H 1
| #define PJ_HAS_SYS_UTSNAME_H 1
| #define PJ_HAS_TIME_H 1
| #define PJ_HAS_UNISTD_H 1
| #define PJ_HAS_NET_IF_H 1
| #define PJ_OS_NAME "i686-pc-linux-gnu"
| #define PJ_HAS_ERRNO_VAR 1
| #define PJ_HAS_HIGH_RES_TIMER 1
| #define PJ_HAS_MALLOC 1
| #define PJ_NATIVE_STRING_IS_UNICODE 0
| #define PJ_ATOMIC_VALUE_TYPE long
| #define PJ_SOCK_HAS_INET_ATON 1
| #define PJ_SOCK_HAS_INET_PTON 1
| #define PJ_SOCK_HAS_INET_NTOP 1
| #define PJ_SOCK_HAS_GETADDRINFO 1
| #define PJ_HAS_SOCKLEN_T 1
| #define PJ_HAS_SO_ERROR 1
| #define PJ_EMULATE_RWMUTEX 0
| /* end confdefs.h.  */
| #include <alsa/version.h>
aconfigure:11600: result: no
aconfigure:11628: checking for alsa/version.h
aconfigure:11635: result: no
aconfigure:11650: result: Checking sound device backend... unix
aconfigure:11690: result: Checking if small filter is disabled... no
aconfigure:11704: result: Checking if large filter is disabled... no
aconfigure:11718: result: Checking if Speex AEC is disabled...no
aconfigure:11736: result: Checking if G.711 codec is disabled...no
aconfigure:11755: result: Checking if L16 codec is disabled...no
aconfigure:11774: result: Checking if GSM codec is disabled...no
aconfigure:11792: result: Checking if G.722 codec is disabled...no
aconfigure:11810: result: Checking if G.722.1 codec is disabled...no
aconfigure:11828: result: Checking if Speex codec is disabled...no
aconfigure:11846: result: Checking if iLBC codec is disabled...no
aconfigure:11925: result: Skipping libsamplerate detection
aconfigure:12302: result: Skipping Intel IPP settings (not wanted)
aconfigure:12320: result: checking for OpenSSL installations..
aconfigure:12335: checking openssl/ssl.h usability
aconfigure:12352: gcc -c -O2 -DPJ_IS_BIG_ENDIAN=0 -DPJ_IS_LITTLE_ENDIAN=1  conftest.c >&5
aconfigure:12358: $? = 0
aconfigure:12372: result: yes
aconfigure:12376: checking openssl/ssl.h presence
aconfigure:12391: gcc -E  conftest.c
aconfigure:12397: $? = 0
aconfigure:12411: result: yes
aconfigure:12439: checking for openssl/ssl.h
aconfigure:12446: result: yes
aconfigure:12455: checking for ERR_load_BIO_strings in -lcrypto
aconfigure:12490: gcc -o conftest -O2 -DPJ_IS_BIG_ENDIAN=0 -DPJ_IS_LITTLE_ENDIAN=1   conftest.c -lcrypto  -lm -lnsl -lrt -lpthread  >&5
aconfigure:12496: $? = 0
aconfigure:12514: result: yes
aconfigure:12520: checking for SSL_library_init in -lssl
aconfigure:12555: gcc -o conftest -O2 -DPJ_IS_BIG_ENDIAN=0 -DPJ_IS_LITTLE_ENDIAN=1   conftest.c -lssl  -lm -lnsl -lrt -lpthread  -lcrypto >&5
aconfigure:12561: $? = 0
aconfigure:12579: result: yes
aconfigure:12586: result: OpenSSL library found, SSL support enabled
aconfigure:12618: result: checking for OpenCORE AMR-NB installations..
aconfigure:12632: checking opencore-amrnb/interf_enc.h usability
aconfigure:12649: gcc -c -O2 -DPJ_IS_BIG_ENDIAN=0 -DPJ_IS_LITTLE_ENDIAN=1  conftest.c >&5
conftest.c:105:39: fatal error: opencore-amrnb/interf_enc.h: No such file or directory
compilation terminated.
aconfigure:12655: $? = 1
aconfigure: failed program was:
| /* confdefs.h.  */
| #define PACKAGE_NAME "pjproject"
| #define PACKAGE_TARNAME "pjproject"
| #define PACKAGE_VERSION "1.x"
| #define PACKAGE_STRING "pjproject 1.x"
| #define PACKAGE_BUGREPORT ""
| #define HAVE_LIBPTHREAD 1
| #define HAVE_LIBRT 1
| #define HAVE_LIBNSL 1
| #define PJ_M_NAME "i686"
| #define PJ_POOL_ALIGNMENT 4
| #define STDC_HEADERS 1
| #define HAVE_SYS_TYPES_H 1
| #define HAVE_SYS_STAT_H 1
| #define HAVE_STDLIB_H 1
| #define HAVE_STRING_H 1
| #define HAVE_MEMORY_H 1
| #define HAVE_STRINGS_H 1
| #define HAVE_INTTYPES_H 1
| #define HAVE_STDINT_H 1
| #define HAVE_UNISTD_H 1
| #define PJ_LINUX 1
| #define PJ_HAS_FLOATING_POINT 1
| #define HAVE_LIBM 1
| #define PJ_HAS_ARPA_INET_H 1
| #define PJ_HAS_ASSERT_H 1
| #define PJ_HAS_CTYPE_H 1
| #define PJ_HAS_ERRNO_H 1
| #define PJ_HAS_FCNTL_H 1
| #define PJ_HAS_LINUX_SOCKET_H 1
| #define PJ_HAS_LIMITS_H 1
| #define PJ_HAS_MALLOC_H 1
| #define PJ_HAS_NETDB_H 1
| #define PJ_HAS_NETINET_IN_SYSTM_H 1
| #define PJ_HAS_NETINET_IN_H 1
| #define PJ_HAS_NETINET_IP_H 1
| #define PJ_HAS_NETINET_TCP_H 1
| #define PJ_HAS_IFADDRS_H 1
| #define PJ_HAS_SEMAPHORE_H 1
| #define PJ_HAS_SETJMP_H 1
| #define PJ_HAS_STDARG_H 1
| #define PJ_HAS_STDDEF_H 1
| #define PJ_HAS_STDIO_H 1
| #define PJ_HAS_STDINT_H 1
| #define PJ_HAS_STDLIB_H 1
| #define PJ_HAS_STRING_H 1
| #define PJ_HAS_SYS_IOCTL_H 1
| #define PJ_HAS_SYS_SELECT_H 1
| #define PJ_HAS_SYS_SOCKET_H 1
| #define PJ_HAS_SYS_TIME_H 1
| #define PJ_HAS_SYS_TIMEB_H 1
| #define PJ_HAS_SYS_TYPES_H 1
| #define PJ_HAS_SYS_UTSNAME_H 1
| #define PJ_HAS_TIME_H 1
| #define PJ_HAS_UNISTD_H 1
| #define PJ_HAS_NET_IF_H 1
| #define PJ_OS_NAME "i686-pc-linux-gnu"
| #define PJ_HAS_ERRNO_VAR 1
| #define PJ_HAS_HIGH_RES_TIMER 1
| #define PJ_HAS_MALLOC 1
| #define PJ_NATIVE_STRING_IS_UNICODE 0
| #define PJ_ATOMIC_VALUE_TYPE long
| #define PJ_SOCK_HAS_INET_ATON 1
| #define PJ_SOCK_HAS_INET_PTON 1
| #define PJ_SOCK_HAS_INET_NTOP 1
| #define PJ_SOCK_HAS_GETADDRINFO 1
| #define PJ_HAS_SOCKLEN_T 1
| #define PJ_HAS_SO_ERROR 1
| #define PJ_EMULATE_RWMUTEX 0
| #define PJ_HAS_SSL_SOCK 1
| /* end confdefs.h.  */
| #include <stdio.h>
| #ifdef HAVE_SYS_TYPES_H
| # include <sys/types.h>
| #endif
| #ifdef HAVE_SYS_STAT_H
| # include <sys/stat.h>
| #endif
| #ifdef STDC_HEADERS
| # include <stdlib.h>
| # include <stddef.h>
| #else
| # ifdef HAVE_STDLIB_H
| #  include <stdlib.h>
| # endif
| #endif
| #ifdef HAVE_STRING_H
| # if !defined STDC_HEADERS && defined HAVE_MEMORY_H
| #  include <memory.h>
| # endif
| # include <string.h>
| #endif
| #ifdef HAVE_STRINGS_H
| # include <strings.h>
| #endif
| #ifdef HAVE_INTTYPES_H
| # include <inttypes.h>
| #endif
| #ifdef HAVE_STDINT_H
| # include <stdint.h>
| #endif
| #ifdef HAVE_UNISTD_H
| # include <unistd.h>
| #endif
| #include <opencore-amrnb/interf_enc.h>
aconfigure:12669: result: no
aconfigure:12673: checking opencore-amrnb/interf_enc.h presence
aconfigure:12688: gcc -E  conftest.c
conftest.c:72:39: fatal error: opencore-amrnb/interf_enc.h: No such file or directory
compilation terminated.
aconfigure:12694: $? = 1
aconfigure: failed program was:
| /* confdefs.h.  */
| #define PACKAGE_NAME "pjproject"
| #define PACKAGE_TARNAME "pjproject"
| #define PACKAGE_VERSION "1.x"
| #define PACKAGE_STRING "pjproject 1.x"
| #define PACKAGE_BUGREPORT ""
| #define HAVE_LIBPTHREAD 1
| #define HAVE_LIBRT 1
| #define HAVE_LIBNSL 1
| #define PJ_M_NAME "i686"
| #define PJ_POOL_ALIGNMENT 4
| #define STDC_HEADERS 1
| #define HAVE_SYS_TYPES_H 1
| #define HAVE_SYS_STAT_H 1
| #define HAVE_STDLIB_H 1
| #define HAVE_STRING_H 1
| #define HAVE_MEMORY_H 1
| #define HAVE_STRINGS_H 1
| #define HAVE_INTTYPES_H 1
| #define HAVE_STDINT_H 1
| #define HAVE_UNISTD_H 1
| #define PJ_LINUX 1
| #define PJ_HAS_FLOATING_POINT 1
| #define HAVE_LIBM 1
| #define PJ_HAS_ARPA_INET_H 1
| #define PJ_HAS_ASSERT_H 1
| #define PJ_HAS_CTYPE_H 1
| #define PJ_HAS_ERRNO_H 1
| #define PJ_HAS_FCNTL_H 1
| #define PJ_HAS_LINUX_SOCKET_H 1
| #define PJ_HAS_LIMITS_H 1
| #define PJ_HAS_MALLOC_H 1
| #define PJ_HAS_NETDB_H 1
| #define PJ_HAS_NETINET_IN_SYSTM_H 1
| #define PJ_HAS_NETINET_IN_H 1
| #define PJ_HAS_NETINET_IP_H 1
| #define PJ_HAS_NETINET_TCP_H 1
| #define PJ_HAS_IFADDRS_H 1
| #define PJ_HAS_SEMAPHORE_H 1
| #define PJ_HAS_SETJMP_H 1
| #define PJ_HAS_STDARG_H 1
| #define PJ_HAS_STDDEF_H 1
| #define PJ_HAS_STDIO_H 1
| #define PJ_HAS_STDINT_H 1
| #define PJ_HAS_STDLIB_H 1
| #define PJ_HAS_STRING_H 1
| #define PJ_HAS_SYS_IOCTL_H 1
| #define PJ_HAS_SYS_SELECT_H 1
| #define PJ_HAS_SYS_SOCKET_H 1
| #define PJ_HAS_SYS_TIME_H 1
| #define PJ_HAS_SYS_TIMEB_H 1
| #define PJ_HAS_SYS_TYPES_H 1
| #define PJ_HAS_SYS_UTSNAME_H 1
| #define PJ_HAS_TIME_H 1
| #define PJ_HAS_UNISTD_H 1
| #define PJ_HAS_NET_IF_H 1
| #define PJ_OS_NAME "i686-pc-linux-gnu"
| #define PJ_HAS_ERRNO_VAR 1
| #define PJ_HAS_HIGH_RES_TIMER 1
| #define PJ_HAS_MALLOC 1
| #define PJ_NATIVE_STRING_IS_UNICODE 0
| #define PJ_ATOMIC_VALUE_TYPE long
| #define PJ_SOCK_HAS_INET_ATON 1
| #define PJ_SOCK_HAS_INET_PTON 1
| #define PJ_SOCK_HAS_INET_NTOP 1
| #define PJ_SOCK_HAS_GETADDRINFO 1
| #define PJ_HAS_SOCKLEN_T 1
| #define PJ_HAS_SO_ERROR 1
| #define PJ_EMULATE_RWMUTEX 0
| #define PJ_HAS_SSL_SOCK 1
| /* end confdefs.h.  */
| #include <opencore-amrnb/interf_enc.h>
aconfigure:12708: result: no
aconfigure:12736: checking for opencore-amrnb/interf_enc.h
aconfigure:12743: result: no
aconfigure:12752: checking for Encoder_Interface_init in -lopencore-amrnb
aconfigure:12787: gcc -o conftest -O2 -DPJ_IS_BIG_ENDIAN=0 -DPJ_IS_LITTLE_ENDIAN=1   conftest.c -lopencore-amrnb  -lm -lnsl -lrt -lpthread  -lcrypto -lssl >&5
/usr/bin/ld: cannot find -lopencore-amrnb
collect2: ld returned 1 exit status
aconfigure:12793: $? = 1
aconfigure: failed program was:
| /* confdefs.h.  */
| #define PACKAGE_NAME "pjproject"
| #define PACKAGE_TARNAME "pjproject"
| #define PACKAGE_VERSION "1.x"
| #define PACKAGE_STRING "pjproject 1.x"
| #define PACKAGE_BUGREPORT ""
| #define HAVE_LIBPTHREAD 1
| #define HAVE_LIBRT 1
| #define HAVE_LIBNSL 1
| #define PJ_M_NAME "i686"
| #define PJ_POOL_ALIGNMENT 4
| #define STDC_HEADERS 1
| #define HAVE_SYS_TYPES_H 1
| #define HAVE_SYS_STAT_H 1
| #define HAVE_STDLIB_H 1
| #define HAVE_STRING_H 1
| #define HAVE_MEMORY_H 1
| #define HAVE_STRINGS_H 1
| #define HAVE_INTTYPES_H 1
| #define HAVE_STDINT_H 1
| #define HAVE_UNISTD_H 1
| #define PJ_LINUX 1
| #define PJ_HAS_FLOATING_POINT 1
| #define HAVE_LIBM 1
| #define PJ_HAS_ARPA_INET_H 1
| #define PJ_HAS_ASSERT_H 1
| #define PJ_HAS_CTYPE_H 1
| #define PJ_HAS_ERRNO_H 1
| #define PJ_HAS_FCNTL_H 1
| #define PJ_HAS_LINUX_SOCKET_H 1
| #define PJ_HAS_LIMITS_H 1
| #define PJ_HAS_MALLOC_H 1
| #define PJ_HAS_NETDB_H 1
| #define PJ_HAS_NETINET_IN_SYSTM_H 1
| #define PJ_HAS_NETINET_IN_H 1
| #define PJ_HAS_NETINET_IP_H 1
| #define PJ_HAS_NETINET_TCP_H 1
| #define PJ_HAS_IFADDRS_H 1
| #define PJ_HAS_SEMAPHORE_H 1
| #define PJ_HAS_SETJMP_H 1
| #define PJ_HAS_STDARG_H 1
| #define PJ_HAS_STDDEF_H 1
| #define PJ_HAS_STDIO_H 1
| #define PJ_HAS_STDINT_H 1
| #define PJ_HAS_STDLIB_H 1
| #define PJ_HAS_STRING_H 1
| #define PJ_HAS_SYS_IOCTL_H 1
| #define PJ_HAS_SYS_SELECT_H 1
| #define PJ_HAS_SYS_SOCKET_H 1
| #define PJ_HAS_SYS_TIME_H 1
| #define PJ_HAS_SYS_TIMEB_H 1
| #define PJ_HAS_SYS_TYPES_H 1
| #define PJ_HAS_SYS_UTSNAME_H 1
| #define PJ_HAS_TIME_H 1
| #define PJ_HAS_UNISTD_H 1
| #define PJ_HAS_NET_IF_H 1
| #define PJ_OS_NAME "i686-pc-linux-gnu"
| #define PJ_HAS_ERRNO_VAR 1
| #define PJ_HAS_HIGH_RES_TIMER 1
| #define PJ_HAS_MALLOC 1
| #define PJ_NATIVE_STRING_IS_UNICODE 0
| #define PJ_ATOMIC_VALUE_TYPE long
| #define PJ_SOCK_HAS_INET_ATON 1
| #define PJ_SOCK_HAS_INET_PTON 1
| #define PJ_SOCK_HAS_INET_NTOP 1
| #define PJ_SOCK_HAS_GETADDRINFO 1
| #define PJ_HAS_SOCKLEN_T 1
| #define PJ_HAS_SO_ERROR 1
| #define PJ_EMULATE_RWMUTEX 0
| #define PJ_HAS_SSL_SOCK 1
| /* end confdefs.h.  */
| 
| /* Override any GCC internal prototype to avoid an error.
|    Use char because int might match the return type of a GCC
|    builtin and then its argument prototype would still apply.  */
| #ifdef __cplusplus
| extern "C"
| #endif
| char Encoder_Interface_init ();
| int
| main ()
| {
| return Encoder_Interface_init ();
|   ;
|   return 0;
| }
aconfigure:12811: result: no
aconfigure:12838: checking if select() needs correct nfds
aconfigure:12852: result: no (default)
aconfigure:12854: result: ** Decided that select() doesn't need correct nfds (please check)
aconfigure:12859: checking if pj_thread_create() should enforce stack size
aconfigure:12873: result: no (default)
aconfigure:12878: checking if pj_thread_create() should allocate stack
aconfigure:12892: result: no (default)
aconfigure:12908: result: ** Setting non-blocking recv() retval to EAGAIN (please check)
aconfigure:12924: result: ** Setting non-blocking connect() retval to EINPROGRESS (please check)
aconfigure:13053: creating ./config.status

## ---------------------- ##
## Running config.status. ##
## ---------------------- ##

This file was extended by pjproject config.status 1.x, which was
generated by GNU Autoconf 2.61.  Invocation command line was

  CONFIG_FILES    = 
  CONFIG_HEADERS  = 
  CONFIG_LINKS    = 
  CONFIG_COMMANDS = 
  $ ./config.status 

on fesens-ubuntu

config.status:661: creating build.mak
config.status:661: creating build/os-auto.mak
config.status:661: creating build/cc-auto.mak
config.status:661: creating pjlib/build/os-auto.mak
config.status:661: creating pjlib-util/build/os-auto.mak
config.status:661: creating third_party/build/os-auto.mak
config.status:661: creating third_party/build/portaudio/os-auto.mak
config.status:661: creating pjlib/include/pj/compat/os_auto.h
config.status:942: pjlib/include/pj/compat/os_auto.h is unchanged
config.status:661: creating pjlib/include/pj/compat/m_auto.h
config.status:942: pjlib/include/pj/compat/m_auto.h is unchanged
aconfigure:14162: result:

Configurations for current target have been written to 'build.mak', and 'os-auto.mak' in various build directories, and pjlib/include/pj/compat/os_auto.h.

Further customizations can be put in:
  - 'user.mak'
  - 'pjlib/include/pj/config_site.h'

The next step now is to run 'make dep' and 'make'.


## ---------------- ##
## Cache variables. ##
## ---------------- ##

ac_cv_build=i686-pc-linux-gnu
ac_cv_c_bigendian=no
ac_cv_c_compiler_gnu=yes
ac_cv_cxx_compiler_gnu=yes
ac_cv_env_CCC_set=
ac_cv_env_CCC_value=
ac_cv_env_CC_set=
ac_cv_env_CC_value=
ac_cv_env_CFLAGS_set=
ac_cv_env_CFLAGS_value=
ac_cv_env_CPPFLAGS_set=
ac_cv_env_CPPFLAGS_value=
ac_cv_env_CPP_set=
ac_cv_env_CPP_value=
ac_cv_env_CXXFLAGS_set=
ac_cv_env_CXXFLAGS_value=
ac_cv_env_CXX_set=
ac_cv_env_CXX_value=
ac_cv_env_LDFLAGS_set=
ac_cv_env_LDFLAGS_value=
ac_cv_env_LIBS_set=
ac_cv_env_LIBS_value=
ac_cv_env_build_alias_set=
ac_cv_env_build_alias_value=
ac_cv_env_host_alias_set=
ac_cv_env_host_alias_value=
ac_cv_env_target_alias_set=
ac_cv_env_target_alias_value=
ac_cv_func_getifaddrs=yes
ac_cv_header_alsa_version_h=no
ac_cv_header_arpa_inet_h=yes
ac_cv_header_assert_h=yes
ac_cv_header_ctype_h=yes
ac_cv_header_errno_h=yes
ac_cv_header_fcntl_h=yes
ac_cv_header_ifaddrs_h=yes
ac_cv_header_inttypes_h=yes
ac_cv_header_limits_h=yes
ac_cv_header_linux_socket_h=yes
ac_cv_header_linux_soundcard_h=yes
ac_cv_header_machine_soundcard_h=no
ac_cv_header_malloc_h=yes
ac_cv_header_memory_h=yes
ac_cv_header_mswsock_h=no
ac_cv_header_net_if_h=yes
ac_cv_header_netdb_h=yes
ac_cv_header_netinet_in_h=yes
ac_cv_header_netinet_in_systm_h=yes
ac_cv_header_netinet_ip_h=yes
ac_cv_header_netinet_tcp_h=yes
ac_cv_header_opencore_amrnb_interf_enc_h=no
ac_cv_header_openssl_ssl_h=yes
ac_cv_header_semaphore_h=yes
ac_cv_header_setjmp_h=yes
ac_cv_header_stdarg_h=yes
ac_cv_header_stdc=yes
ac_cv_header_stddef_h=yes
ac_cv_header_stdint_h=yes
ac_cv_header_stdio_h=yes
ac_cv_header_stdlib_h=yes
ac_cv_header_string_h=yes
ac_cv_header_strings_h=yes
ac_cv_header_sys_filio_h=no
ac_cv_header_sys_ioctl_h=yes
ac_cv_header_sys_select_h=yes
ac_cv_header_sys_socket_h=yes
ac_cv_header_sys_sockio_h=no
ac_cv_header_sys_soundcard_h=yes
ac_cv_header_sys_stat_h=yes
ac_cv_header_sys_time_h=yes
ac_cv_header_sys_timeb_h=yes
ac_cv_header_sys_types_h=yes
ac_cv_header_sys_utsname_h=yes
ac_cv_header_time_h=yes
ac_cv_header_unistd_h=yes
ac_cv_header_uuid_uuid_h=no
ac_cv_header_winsock2_h=no
ac_cv_header_winsock_h=no
ac_cv_header_ws2tcpip_h=no
ac_cv_host=i686-pc-linux-gnu
ac_cv_lib_crypto_ERR_load_BIO_strings=yes
ac_cv_lib_m_fmod=yes
ac_cv_lib_nsl_puts=yes
ac_cv_lib_ole32_puts=no
ac_cv_lib_opencore_amrnb_Encoder_Interface_init=no
ac_cv_lib_pthread_pthread_create=yes
ac_cv_lib_rt_puts=yes
ac_cv_lib_socket_puts=no
ac_cv_lib_ssl_SSL_library_init=yes
ac_cv_lib_uuid_uuid_generate=no
ac_cv_lib_winmm_puts=no
ac_cv_lib_ws2_32_puts=no
ac_cv_lib_wsock32_puts=no
ac_cv_objext=o
ac_cv_path_EGREP='/bin/grep -E'
ac_cv_path_GREP=/bin/grep
ac_cv_prog_CPP='gcc -E'
ac_cv_prog_ac_ct_CC=gcc
ac_cv_prog_ac_ct_CXX=g++
ac_cv_prog_cc_c89=
ac_cv_prog_cc_g=yes
ac_cv_prog_cxx_g=yes
ac_cv_target=i686-pc-linux-gnu

## ----------------- ##
## Output variables. ##
## ----------------- ##

AR='ar rv'
CC='gcc'
CC_CFLAGS='-Wall'
CC_DEF='-D'
CC_INC='-I'
CC_OPTIMIZE='-O2'
CC_OUT='-o '
CFLAGS='-O2 -DPJ_IS_BIG_ENDIAN=0 -DPJ_IS_LITTLE_ENDIAN=1'
CPP='gcc -E'
CPPFLAGS=''
CXX='g++'
CXXFLAGS='-O2 '
DEFS='-DHAVE_CONFIG_H'
ECHO_C=''
ECHO_N='-n'
ECHO_T=''
EGREP='/bin/grep -E'
EXEEXT=''
GREP='/bin/grep'
LD='gcc'
LDFLAGS=''
LDOUT='-o '
LIBEXT2=''
LIBEXT='a'
LIBOBJS=''
LIBS='-lm -lnsl -lrt -lpthread  -lcrypto -lssl'
LTLIBOBJS=''
OBJEXT='o'
PACKAGE_BUGREPORT=''
PACKAGE_NAME='pjproject'
PACKAGE_STRING='pjproject 1.x'
PACKAGE_TARNAME='pjproject'
PACKAGE_VERSION='1.x'
PATH_SEPARATOR=':'
RANLIB='ranlib'
SHELL='/bin/bash'
ac_build_mak_vars=''
ac_cross_compile=''
ac_ct_CC='gcc'
ac_ct_CXX='g++'
ac_external_gsm='0'
ac_external_pa='0'
ac_external_speex='0'
ac_host='unix'
ac_linux_poll='select'
ac_main_obj='main.o'
ac_no_g711_codec=''
ac_no_g7221_codec=''
ac_no_g722_codec=''
ac_no_gsm_codec=''
ac_no_ilbc_codec=''
ac_no_l16_codec=''
ac_no_large_filter=''
ac_no_opencore_amrnb='1'
ac_no_small_filter=''
ac_no_speex_aec=''
ac_no_speex_codec=''
ac_no_ssl=''
ac_os_objs='ioqueue_select.o file_access_unistd.o file_io_ansi.o os_core_unix.o os_error_unix.o os_time_unix.o os_timestamp_posix.o guid_simple.o'
ac_pa_cflags=' -DHAVE_SYS_SOUNDCARD_H -DHAVE_LINUX_SOUNDCARD_H -DPA_LITTLE_ENDIAN'
ac_pa_use_alsa='0'
ac_pa_use_oss='1'
ac_pjdir='/home/wujj/svn/tshome-i386.enocean/p2p'
ac_pjmedia_snd='pa_unix'
bindir='${exec_prefix}/bin'
build='i686-pc-linux-gnu'
build_alias=''
build_cpu='i686'
build_os='linux-gnu'
build_vendor='pc'
datadir='${datarootdir}'
datarootdir='${prefix}/share'
docdir='${datarootdir}/doc/${PACKAGE_TARNAME}'
dvidir='${docdir}'
exec_prefix='${prefix}'
host='i686-pc-linux-gnu'
host_alias=''
host_cpu='i686'
host_os='linux-gnu'
host_vendor='pc'
htmldir='${docdir}'
includedir='${prefix}/include'
infodir='${datarootdir}/info'
libcrypto_present='1'
libdir='${exec_prefix}/lib'
libexecdir='${exec_prefix}/libexec'
libssl_present='1'
localedir='${datarootdir}/locale'
localstatedir='${prefix}/var'
mandir='${datarootdir}/man'
oldincludedir='/usr/include'
opencore_amrnb_h_present=''
opencore_amrnb_present=''
openssl_h_present='1'
pdfdir='${docdir}'
prefix='/usr/local'
program_transform_name='s,x,x,'
psdir='${docdir}'
sbindir='${exec_prefix}/sbin'
sharedstatedir='${prefix}/com'
sysconfdir='${prefix}/etc'
target='i686-pc-linux-gnu'
target_alias=''
target_cpu='i686'
target_os='linux-gnu'
target_vendor='pc'

## ----------- ##
## confdefs.h. ##
## ----------- ##

#define PACKAGE_NAME "pjproject"
#define PACKAGE_TARNAME "pjproject"
#define PACKAGE_VERSION "1.x"
#define PACKAGE_STRING "pjproject 1.x"
#define PACKAGE_BUGREPORT ""
#define HAVE_LIBPTHREAD 1
#define HAVE_LIBRT 1
#define HAVE_LIBNSL 1
#define PJ_M_NAME "i686"
#define PJ_POOL_ALIGNMENT 4
#define STDC_HEADERS 1
#define HAVE_SYS_TYPES_H 1
#define HAVE_SYS_STAT_H 1
#define HAVE_STDLIB_H 1
#define HAVE_STRING_H 1
#define HAVE_MEMORY_H 1
#define HAVE_STRINGS_H 1
#define HAVE_INTTYPES_H 1
#define HAVE_STDINT_H 1
#define HAVE_UNISTD_H 1
#define PJ_LINUX 1
#define PJ_HAS_FLOATING_POINT 1
#define HAVE_LIBM 1
#define PJ_HAS_ARPA_INET_H 1
#define PJ_HAS_ASSERT_H 1
#define PJ_HAS_CTYPE_H 1
#define PJ_HAS_ERRNO_H 1
#define PJ_HAS_FCNTL_H 1
#define PJ_HAS_LINUX_SOCKET_H 1
#define PJ_HAS_LIMITS_H 1
#define PJ_HAS_MALLOC_H 1
#define PJ_HAS_NETDB_H 1
#define PJ_HAS_NETINET_IN_SYSTM_H 1
#define PJ_HAS_NETINET_IN_H 1
#define PJ_HAS_NETINET_IP_H 1
#define PJ_HAS_NETINET_TCP_H 1
#define PJ_HAS_IFADDRS_H 1
#define PJ_HAS_SEMAPHORE_H 1
#define PJ_HAS_SETJMP_H 1
#define PJ_HAS_STDARG_H 1
#define PJ_HAS_STDDEF_H 1
#define PJ_HAS_STDIO_H 1
#define PJ_HAS_STDINT_H 1
#define PJ_HAS_STDLIB_H 1
#define PJ_HAS_STRING_H 1
#define PJ_HAS_SYS_IOCTL_H 1
#define PJ_HAS_SYS_SELECT_H 1
#define PJ_HAS_SYS_SOCKET_H 1
#define PJ_HAS_SYS_TIME_H 1
#define PJ_HAS_SYS_TIMEB_H 1
#define PJ_HAS_SYS_TYPES_H 1
#define PJ_HAS_SYS_UTSNAME_H 1
#define PJ_HAS_TIME_H 1
#define PJ_HAS_UNISTD_H 1
#define PJ_HAS_NET_IF_H 1
#define PJ_OS_NAME "i686-pc-linux-gnu"
#define PJ_HAS_ERRNO_VAR 1
#define PJ_HAS_HIGH_RES_TIMER 1
#define PJ_HAS_MALLOC 1
#define PJ_NATIVE_STRING_IS_UNICODE 0
#define PJ_ATOMIC_VALUE_TYPE long
#define PJ_SOCK_HAS_INET_ATON 1
#define PJ_SOCK_HAS_INET_PTON 1
#define PJ_SOCK_HAS_INET_NTOP 1
#define PJ_SOCK_HAS_GETADDRINFO 1
#define PJ_HAS_SOCKLEN_T 1
#define PJ_HAS_SO_ERROR 1
#define PJ_EMULATE_RWMUTEX 0
#define PJ_HAS_SSL_SOCK 1
#define PJMEDIA_HAS_OPENCORE_AMRNB_CODEC 0
#define PJ_SELECT_NEEDS_NFDS 0
#define PJ_THREAD_SET_STACK_SIZE 0
#define PJ_THREAD_ALLOCATE_STACK 0
#define PJ_BLOCKING_ERROR_VAL EAGAIN
#define PJ_BLOCKING_CONNECT_ERROR_VAL EINPROGRESS

aconfigure: exit 0
